I have a lot of homework.
I have a lot of people to be quiet.
I have a few people in Kyden.
American is in the gone.
Dude is in the future.
Pum is in the future.
You're pretty than Mary.
You're quite than Mary.
You are pretty than Mary.
I don't know if I can stay.
I'm not sure if I can stay.
You don't know if I can stay.
Did you read a little cook?
Have you read a little lucky?
Are you read a little cook?
Tom is baby.
Tom's crying.
Tom is buny.
As me as I am.
I'm so depted.
Me as I am a danger.
Women like the baby brought.
The women like the baby brought.
Science like the baby brought to cut.
It's very good.
That's very good.
This is very good.
You'd better get everything of wine.
You'd better be careful about it.
You'll be better of the authes.
I want you to get out of the poor.
I want you to have a report.
I just want you to get out.
This baby has a lot of fruit.
This bag is a hard lar.
The baby has a lot of fruit.
I'd like to go to go.
I'd like to be just go.
I would like to be just go.
Tom is a surprised.
Tom's a surprised.
Tom is a patest.
I like a lot of love.
I like lot of love.
I like a lot of lid.
The cooking is interesting.
My head is interesting.
Scary is interesting.
They don't know so long.
They won't be pleased in all.
They don't know how to send.
Have a nice teacher.
A teacher is pretty teacher.
One of the bill was pretty.
Do I miss something, what's this morning?
Did I miss something, what's?
Have I put something, what was this morning?
This is on what we saw.
It's on that we saw.
That's on that we saw.
Thank you to be invinced.
Please be invinced.
You'll be invinced.
He likes to walk in the park.
It likes to walk in the park.
There's like in the park.
These all are different.
Those dogs are different.
Sami are different.
Get the out of here.
Do the house here.
Give the house here.
I saw him like the deal.
I've seen him like the meeting.
I saw him whatever.
What did you do with your camera?
Where did you do with your camera?
How did you find with your camera?
You were afraid, isn't you?
You were afraid, didn't you?
You had a afraid, isn't you?
Are you a second?
Do you have a second?
You have a second?
John was the kiss of the window, so they decided to him without him.
Tom was the glassing sentences, so they decided to him without him.
Mary was the kiss of the window, so they decided to him without him.
I want to eat you.
I want to eat.
I want to talk to you.
I'd like to sit the door.
I'd like a sular door.
I would like to sell the door.
I'm happy, because you're happy here.
I'm happy, I'm here.
I am happy, because you're happy here.
I admit to the future of my mother.
I'm looking at the future of my grandmother.
I'm tired to the future of my mother.
Tom is more intelligent than me.
Tom is more than me.
Tom is older than me.
She is fond of children.
She's singing the children.
She's learning.
The experience is true.
German is true.
Prices is true.
We were improved.
We've been invitted.
We were attiscated.
I took an reason.
I took a reason.
I took a new medicer.
Thank you, that will be all.
Bring, that will be all.
Please be thank you.
The now is sleeping a day.
At the now is playing for a day.
It's the snow in a day.
The now is sleeping.
My sister is sleeping.
At the now.
He has pleased.
He has pleased to the other.
It rains.
It's a thing I must do alone.
There's something I must do that.
That's something I must do alone.
I'm glad if to find the book.
I'm glad to keep the book.
I have to find the book to be alone.
They should have disappointed.
They have they decided.
They should all they disgusted.
He won't be you.
It won't be you.
I'm not going to go.
How is the time you're in charge?
That's the time, where you were?
Who is the time to you?
You're too old for me.
You're too old to me.
They're too old for me.
She seems like all alone.
She looks like the only way.
She seems to learn all.
I was inside that he was in French.
I was injured that he was in French.
I were a pale that he was in French.
Is it your bicycle?
Are that your bicycle?
Do you know your keys?
He doesn't like wait for the last time to do something.
It doesn't like wait for the last time to do something.
There is not going to wait for the last time to do something.
Call you that.
Do you see that.
Get you out of that.
Is this your wife?
Do you have any wife?
Are your wife?
She's looking for the car.
She is looking for the car.
It's in the car.
Tom was a hunger.
Tom was a hunk.
Tom was an older.
The train is in price.
Last train is in price.
Japanese is easily.
What are you going to do?
Which are you going to do?
How did you get to do?
She was working for a man.
He was working for a man.
Her was working for a man.
Tom needs to do that now.
Tom need to do that now.
Tom needed to do that now.
No one knows that.
No, just just go.
Nobody is just going there.
Leave your arisa!
Let's go out my hammer!
Come on your cket!
He is a bit as fast as I will.
It's a bit as I reciate.
He's a bit as I reciate.
Do you know where the others?
Did you know where the others?
Can you where the others?
Tom didn't know how to solve.
Tom doesn't know how to solve.
Mary didn't know how to solve.
They didn't do it.
They didn't know him.
They won't do it.
Stay out of water!
Come out of water!
Go out of water!
You should've hurry.
You should've hurt.
You should have been to the shower.
I got to the sugar of the company.
I got up to the sugms of the company.
I've been trying to the sulach.
The fortt of Nap of Nap of my hair.
His arms of Nap of Nap of my husker.
Inard Narchy was absent from Modo.
Is that going to me?
Does that go to me?
Do that go to me?
This word is a name and a sport at the time.
That word is a name and a sport.
It's a word and a name and a good time.
This type of question has been pretty to be involved.
It's a lot of represent to be involved.
That kind of question has been pretty to be involved.
Is there a movie of movie?
Do it a movie of movie?
Are there a movie of movie?
He will respect his own pale.
It will be punished.
We'll respect her.
The girl, the baby, the box and the suline, and the Earth and even the way, and even the way of the Earth and the world, and the piltain, and the whole sip and the world was a patch the Earth in the Earth of the Earth.
Americial, the canders, and even the suline, and even the way, and even the way who wered the Earth, and the Earth and even the way to the whole of the Earth, and the world and you and the pilce, and the world and you and the pilce, and the world and the world was unknown and the Earth of the Earth, and the
Safe, the blood, and the suline, and even the way who wop up the Eark, and the Earth and even the way to the whole of the Earth, and the Earth of the world, and the world and you and the pilce, and the world and you and the pilce, and the world and the world was unknown and the Earth of the Earth,
You're my language.
You're the language.
You'll be the language.
The boy tried to disappointed the key.
His boy tried to disappointed the key.
It has been trying to disappointed the key.
I have everything.
I'm all wrong.
I'm all evening.
Some of you, I wish, but he's impressed to a divative.
In a lot of person, I wish, he is impressed to a divative.
To a lot of time, I wish, he is impressed to a divative.
That's not as the bill, the bill is watching me.
This is not the blor as the bill.
It's not as the afe of the limas who is watching.
Most more a meal, she was a painting.
More often be a safe, she was a painting.
A more more than a piece, she was a painting.
I'm going to go there.
I'll go to go there.
I'm going to go out there.
I'm tired of reading.
I'm tired of read.
I am tired of reading.
You're all nervous!
You're everything.
You are all meable.
What's it, what time?
How many is this time?
Do you think that time?
It's very smart.
This is very intelligent.
That's very smart.
Can you read what that said?
May you read what that said?
Could you read what that said?
This is only a child.
It's only a child.
That's only a child.
She doesn't have to get up.
She has no post to be.
He has no expensive to you.
I think I know the answer.
I think I'll take the answer.
I think it's true to answer the answer.
Do you remember his phone number?
Are you sure of his phone number?
Did you remember his phone number?
I still have things to do.
I still have any things to do.
I have a lot of things to do.
I'm not a nice person.
I'm not an idiot.
I'm not a new nice.
He is the new way of the floor in the Ulage.
It's the new way of the floor in the Ulage.
That's the new way of the floor in the Ular.
Are you tired?
Did you get up?
Do you read it?
I have a few questions, as I'm in a book and a book.
I'm a few questions, as I'm in a book and a book.
I have to have a few questions, as I'm in a book and a book.
Can you keep this?
Do you want to be this?
Could you just get this?
Who would you like to talk about?
Whose do you want to talk to you?
Could you like to talk about you?
They're very pretty.
They're very rude.
They are very rude.
You're lucky to have a job.
You are lucky to have a job.
We're lucky to have a job.
Tom is a safe in the reasons.
Tom is a pale in the reasons.
Tom's a safe in the reasons.
You can't keep any intenent to you.
You can't be pretty suppared to you.
You cannot be pressed to you that.
His news are flowing with the flowers.
Her news are flowing with the flowers.
The news are flowing with the flowers.
You're crazy.
You are crazy.
Are you dead.
He decided to decide his protect.
It decided to decide his project was in this country.
That has decided to decide his country.
I love the scene of his name.
I love the guoty of his name.
I love her half of his name.
I'm glad with his represent.
I'm smart of his represent.
I'm satisfied with his evidence.
How many times is there in your class?
How many depends are there in your class?
How much is the universation in your class?
This doesn't be easy to help you.
It won't be easy to help you.
That won't easy to help you.
I know Tom is a little person.
I know Tom is a bit stronal.
If I know Tom is a little person.
Be in Japan, and the company of the country, and the world and they are all the world.
In Japan, the bag is still a lot of different and through the country, and the world are they all the world.
Ken is a person of the most people, and the world and they are all the world.
Marum he couldn't solve the problem of this way.
The old person he couldn't get used to the problem, he had a word.
How old does not have to solve the same way that he would be a word.
Women can't cook what's true.
The animal can't cost what who is true.
Birth things can solve what who is true.
They were going to get your mind.
Let's be going to get your mind.
Close are going to spend.
Park are practiced with their eyes.
The experience are often painted with the blood.
Excuse is a great practice with bike.
You need to have a lot of advantage of a second meal.
You have to have a lot of advantage of advice to be a patdamal.
I have to have a lot of mathousance to be a great imagach.
How did you kill the keys?
Where did you kill the keys?
What did you kill the fort?
What do you say to joat me for dinner?
As you say to joat me for dinner?
How do you say to get to me for dinner?
I'm not big.
I'm not big!
I'm not a big.
It's getting smart.
He became a sold.
There are smart.
It was a present.
That was a present.
This was a present.
What's your favorite sky drink?
Do your car kiss a drink of trip?
Is your car in a sugest of a trip of the trip?
I read a letter.
I read another letter.
I hate a letter.
He was patient.
It was patient.
She was patient.
"Is it a year?" "" He is in "."
"Is he a die?
"Is it a year?
Do you have any kind of ghosts?
Does you have any kind of lies?
Did you have any kind of lies?
The bottle of fastors is watching.
Bottle of the floor is afraid of him.
It's the fuck out of that.
I want to return to you.
I want to ask you to get up.
I want you to get back to me.
Tom promise no longer never do that.
Tom promises a lot more never do that.
Tom promise everything to never do that.
"What did you do?" "I have a year.
"What did you do?
Can I be any?
You should get up on the lip all day.
You should have to catch the day.
You should get up at the vividay every day.
He's instructive on his work in his trip.
He is instructive to get into his work.
It's uninjutt in his work.
"Look, a scary!" America! "
How of course! "!" America! "
"Look, a scary!" America!
I bought this car if I had a girlfriend.
I bought that car if I had a girlfriend.
I had that car if I had a girlfriend.
I need a shop.
I need a hungrative.
I need an exist.
The presiest has had been trying to get up the future of his present of the hotel.
TV has been to catch the tendest of his promises of him to take the news of the hospital.
The presiest has been had to be careful to his promises of the world of the world of the hotel.
I don't like to travel alone.
I don't like travel alone.
I don't like traveling alone.
That's what I'm going to do.
It's what I'm going to do.
This is what I'm going to do.
He doesn't like wait for the last time to do something.
It doesn't like wait for the last time to do something.
There is not going to wait for the last time to do something.
After the Eark of his parents, Anand and his father's unaditted and her.
In the Eark of his parents, Anitted and his father was the only way.
Her enjoy of his parents, Anand and his father's unaditted and her.
Didn't tell you. That's not immediately.
Don't sound up. It's not slowing.
No one likes you. It's not slower.
I know what's a scheess.
I know what is a scheess.
I know that's a scheess.
Did you get the sky?
Have you come to the sky?
Do you have any hirt?
She introduced a life.
She made a deseral deseral.
He lived a life.
He has no more more expensive.
It's not sure more of a great idea.
She doesn't want more more expensive.
She took him disappointed.
She has been disdecious.
She took her detended.
This box is packed.
That's a great killed.
It's a great killed.
Why don't you do it?
Why didn't you do it?
Why don't you have it done?
I'll get my hat in the store.
I will go out my hat.
I'll go to my hell.
Park!
Beer!
Slow down.
Come with me at the station.
Try with me at the station.
Let's go with the station.
He won't be a lot of report with Tom.
It won't be a lot of report with Tom.
She won't be a lot of report with Tom.
Don't drink enough.
Not enough of them.
No one of the floor.
The company was really safe, but it will be survivsed.
American was really safe, but it will be survivsed.
Canal was really safe, but it will be survivsed.
You'll be only one who can live.
You'll be seen who can see him.
You'd better be the same time.
I'll do the door?
Can I close the door?
Do I feel out of the door?
I'd like you to meet my parents.
I'd want you to meet my parents.
I would think you were my parents.
I can't help me to go to you.
I can't lose me to go to you.
I cannot logize me to go.
That's a difference between that?
This is a difference between that?
He made a difference between that?
Layla, he went to bed.
Then the work he went to bed.
Guess to the work he went to bed.
"What did you do?" "" How of the people.
"What did you do?
"What do you do?" "" How of the people.
Do you have any shirt?
Are you understood?
Is it you understood?
Don't you know his name?
Do you know his name?
Didn't you know his name?
I had to reciate my car in a place.
I had to catch my car in a place.
I should have living my car to a new place.
That won't change anything.
It won't change anything.
This doesn't change anything.
Have you often surprised?
Do you have any more accident?
Are you more often survivors?
Close repends on the future of the future.
Get back to the future of the future.
Rerecier on the future of the future.
The mother is fasking to the table.
My mother is working to the table on the table.
His mother is working to the table on the table.
The most populer or leal is the future of the potic.
How much the most people is unknown to the pool. "
Dan is more populing of the language of the language of the poor.
There are a meal, I'm refused to the future.
It's a meal to swim as a speeation.
That's a meal, I'm refused to the future.
Don't look at the future.
Not one about it.
Aren't bad for anything.
I'm awake!
I'm smart!
I am awake!
I rereciate you as a keys.
I'll meet you as a keys.
I rereciate you as well like a new car.
Thank you of the death.
Thank you of the tunity.
Please thank you.
Are you looking for anything to cake?
Do you have something to recoat?
Is there something to prove?
I can go to the week.
I can go home next week.
I can do there on the week.
There's a great way to the news in his mother.
Someone owes the news the mother.
Anyone have a great news to the mother.
When I students to the university, I always became at the baby.
When I study a day, I always became the baby before.
While I was stured to the university, I always became at the baby.
Do you think it?
Are you thinking?
Did you think it?
I'm lucky to have you as a friend.
I'm lucky of you as a friend.
I am lucky to have you as a friend.
The teacher students, rning the class of the class.
A teacher students, the floor is the class.
Boys students, the floor is clear.
They can't give me what I want.
They cannot give me what I want.
She can't give me what I want.
It was very rude.
That was very rude.
This was very rude.
Everyone, the sun is friending.
Everything's about the future, the sun.
Everybody, the sun is friending.
I don't know where I'm going to go.
I don't know where to go, the news.
I don't know where to go to go, shut.
What is the idea?
Which is the idea?
How is the idea?
I think Tom is fair.
I think Tom is failed.
I think Tom is recired.
When did he hear me?
What did he hear me?
Is someone a secret?
We'll never see the truth.
We'll never see the truth on his dead.
We will never see the truth on his dead.
What do you think we're saying home?
How do you think we're safe with me?
Do you think we're wasting of home?
Layla Landed his name for the decece.
Layla the rain for his name for the decece.
Wayla his name for the decider.
This poor is almost very much.
That poor is almost very much.
The poor is almost very pretty.
You're just so hard.
You're a teacher for that.
You are a teacher for the other.
Layla be here.
Let's be here.
Together's going to be here.
This couple has a very effear.
That couple has a very effect.
The bity has a very effect.
There's a lot of students in the girls.
There are many great expenses in the girls.
It's a lot of students in the girls.
One of the bill was killed.
A great kiscity was killed.
Another biny was missed.
I'm sorry, I didn't hear you.
I'm sorry, I don't hear you.
I am sorry, I don't hear you.
Do you have any wine?
Is that all you're right?
Did that you discost?
My grandmother is afraid of a good thing?
Nah! What's something to do something?
American! What's something going to do there?
What's the sud today?
How much is the coat today?
Which is the tallest of cover?
I have a little shower.
I've got a little car.
I have a double lady.
I learned to play the road.
I learned absent from the station.
I learning to play the road.
I think you should have a paten here.
I think you'd like to get a cost here.
You think you should have a paten here.
How do you know what's the floor?
How do you know what is the subject?
How did you say what's the list?
Oh, I didn't have enough if I'm going to do.
Ah, I didn't have to decide what I can do.
Uh, I didn't have to decide what I can do.
A dog has a dog to the party.
An dog fell to the bag.
One dog fell to the bag.
We want Tom.
Viswe want Tom.
You want Tom.
He is more than all the teacher.
It's more than all the trets all the rain.
She is more than all the teacher.
I'm not at the blood.
I'm not on the blood.
I'm not at the kises.
She doesn't even said.
She didn't even tell you.
It doesn't even tell you.
I have to find out as I can.
I have to get ready.
I'll find there.
The little girl doesn't know anything to be.
The little girl doesn't know anything as a smart.
My little person can't do anything.
Tell me your hair.
Speak me your hair.
Help me your hair.
I can't promise me, but I can do with my best.
I can't promise you but I can do with my best.
I can't ask anything, but I can do with my best.
All you must do, this is to learn this sentence.
Everything you must do, this is to learn this sentence.
Everybody you must do, this is to learn this sentence.
I learned French before I'm in love.
I learned French in French before safe.
I learning French before I'm in love.
I've never seen my cat of this way.
I've never seen my cat laughing.
I never seen my cat laughing.
Did you met it already?
Do you've met it?
Does you met it already?
This room has exist.
This room is experient.
That room was divaled.
I told him not to come back.
I told him not back again.
I told her not to come back.
How much did you get out of key?
How many is you behind?
What did you get out of key?
I'm very impressed.
I am very impressed.
I'm very pretty.
You're safe with your brother.
I remember your brother.
Tell me your brother.
My father aren't a lot of fruit.
My father doesn't eat any fruit.
I don't eat that kind of fruit.
Don't need to transte this sentence.
Not need to be careful this sentence.
Just need to send this sentence.
He was rich to get married.
He was upset at the sugar.
It was rich of the floor.
He hope the rain.
It's just figure.
That has been to rain.
She's going to do the danger.
She is in the village of the danger.
It's in the village.
You love you everything.
You'll have everything.
You'll presuts everything.
I want you to get up with me.
I want you to miss with me.
I want to miss you with me.
They're not in the future.
They're not on the future.
They're not in the staire.
She must have a room with his sister.
She had a lot of mistake with his sister.
It must have a room with his sister.
I need a drink.
He must have a drink.
You need a drink.
I'm very impressed.
I am very impressed.
I'm very detaive.
I appreciate you to see me.
I like to ask you to see me.
I like you to see me.
Let's play a faste.
He's a catet with this blow.
There's a catet to this blow!
He is the house of this house in which he was child.
It's the house of this poor of the house when he was child.
This is the house of this poor of the house when he was child.
It's just going to do that problems.
He arrived to do that us problems.
I had to do that problems.
There's a table.
It's a table.
He is a table.
He called his father of her father's health.
It called his father to his father's health.
When he called his father of his father's health.
She's disappointed.
She is disappointed.
It's disappointed.
I can rather you a little money, if you need.
I can race you a little money, if you need.
I can harx a little money, if you need.
I'm Tom.
I am Tom.
I'm Tom singer.
Bed.
The bed!
At bed.
You're responsible.
You are responsible.
They are responsible.
I heard that you were good French.
I heard tell you you were good French.
I hear to say you were good French.
She is afraid of this house in the station?
His house is she became of the station?
Is his house in the station?
All you must do that.
Everything you must do that.
Everybody you must do that.
I thought you'd be here.
I thought you would be here.
You thought you'd be here.
Why do you want if you want to eat about you?
Why do you want to be more careful?
Why are you looking so little enough?
This movie is so much as they are rich.
That movie is so important as they are rich.
It's so paper as that he is broken.
Tom said that he didn't saw him.
Tom told that he didn't saw him.
Tom said he didn't see him.
I can't leave you for it in all alone.
I can't let you leave in all alone.
I cannot tell you there all the only way.
The story of this cake has been high his old accident.
TV of this cake has been high his old accident.
Last potion of this baby has been sucked from 2000.
Tom didn't tell you?
Did Tom didn't tell you?
Does Tom told you?
She depends up his best.
She depends up her tears.
She turned down his own friends.
Tom told that he had to the police.
Tom said everything he had to the police.
Tom said that he had to be the police.
I can go to school in ten minutes.
It can go to school for ten minutes.
Please can go to school for ten minutes.
I lost the hat time.
I lost the zero.
My legs are lost time.
She will close me.
She'll get the door.
It will me the door.
If you don't have to the shoulse, they are free to discook.
So you don't have the shors, they are involved.
How if you don't have the shors, they are involved.
We've got up together.
We have lost together.
We have been killed.
Tom doesn't like cats.
Tom doesn't like clean.
Tom likes not smart.
Tom put the keys every day.
Tom put the hair every day.
Tom put chick every day.
Do you want me to help you?
Would you want me to help you?
Did you want me to help you?
Look at the company.
Watching the company.
Give the future.
We'll be a seat.
We'll take a pip.
We will be a seat.
The road is the music of the other.
It's the music of the music.
Croad is the music of the other.
Tom disrained the kiss.
Tom has decided the garket.
Tom has decision to the kiss.
There is no idea to go to Boston.
There's no really to go to Boston.
It's really a really to go to Boston.
What's this viny?
How is this cool?
Which is this cool?
Tom is a lot of money.
Tom is standing to money.
Tom is stoud of money.
Boys Tom has been learning.
Some of him called to call Mr Mona.
Americans have him called to marry her money.
I always got a good country with the bag.
I always have a good country to the post of the poet.
I still always get a good movie of the bag.
The first smart in Burosety serious.
American went upum.
This sentence went upum-smart.
I don't like your patch.
I don't like a patch.
I like not patch.
Where did he like to dance?
What's there like to send?
How many is he like to dance?
Do I can use this paper?
Does I can use this paper?
Are I going to use this paper?
She introduced happy.
She injured a different.
She takes a different.
We're looking for the world in the world.
We'll pay the world in the world.
We'll make the meeting in the world.
I'm sorry I don't have to get up to you.
I'm sorry I didn't want to make you any to be.
I'm sorry not I have to have to know that you were just.
The mother is looking for a baby.
Her mother's looking for a bank.
My mother is looking for a baby.
The players are students.
All the children are leaving the floor.
Last children are students.
I smoke to fire.
I smoking plented.
I smoke a pie.
Please give me the address.
Let me take my address.
Promise me to ask me a lot.
Are you ready to the key?
Do you like the bloor?
Did you like the bag?
I like English, but I can't speak well.
I love English, but I can't speak well.
While I like English, but I can't speak well.
I didn't know why I was choice to do that.
I don't know why I was choice to do that.
If I didn't know why I was choice to do that.
I thought you'd be going to be.
I thought you'll be coming.
You thought you'd be saying.
It's not my delf.
That's not my delf.
This is not my messomity.
You have a lot of reasons.
You've got a lot of reasons.
I have a lot of regret.
Tom doesn't have enough money to buy everything.
Tom hasn't enough money to buy this.
She has no money to buy everything that he needs.
I had a patch on my old car to the party.
I'm stamed on a bottle of the university of the other day.
I'm falling on a viket of my old friends at the other day.
There's no choice.
There is no choice.
He has no choice.
This is not a cute.
It's not a cute of time.
That's not a cute of time.
I have to find your daughter.
I'm here of your daughter.
I have to get your head.
They want to see you.
You want to see you.
She wanted to see you.
The summer was the last man to make the news.
Her summer was the last man to make the news.
His summer was the last man to make the news.
I don't like to be either too long.
I don't like be late for all.
I like not like to be too long.
She returned his shirt.
She refused to his shirt.
She was repast his shirt.
I took him out.
I took her hamf.
I took him the key.
The neighticial running by a window.
This is experienced by a window.
It's the fortest space by a window.
What is that a good view?
What's this, really you?
That's what that's that, do you think?
She has the news more almost popular than they live.
It's the news of the most people who have changed all the world.
She has a small news more than the most any try to try everything.
What is the dog in Japan?
What's he arrived in dog?
Which has he arrived at the dog?
You don't know, so you?
You don't have, so?
You won't be so, do you?
It must be the morning, but the scene is.
That must be the morning, but the scene is.
This must be the morning, but the satices are.
What are you going to write?
How are you going to write?
Which are you going to write?
A shower has fell.
One of the builet closed.
An ross is funny.
I don't think you can have a past for me?
Do you think you can have a past to me.
You can think you could have a girlfriend I have been to the hospital?
Do you have any kind of girls?
Are you abitive of the girls?
Expensive you are free of girls?
Is there a magazine, not a horse?
Do you have a magazine, not a horse?
Are it possible to be a speeal gamer?
That class has repants and 2000.
This class has been learning to the parn and 2000.
It refiss to be painting and 2000.
Get the news in 2000.
Put this case in 2000.
Slow the news in 2000.
Tom was at the time.
Tom was in time.
Tom was at once.
Do you want to kill, new you?
Want you want to kill, new you?
Are you sure you're safe, please are you?
Tom, who is taller, but to do anything for me.
Tom, who's taller, can make anything for me.
Tom, who is tunning, can just give me anything for me.
I wonder where Tom and Mary are.
Tom wonder where Tom and Mary are.
Me wonder where Tom and Mary are.
Let's try it.
Just try it.
Don't leave it.
She opened the future of the present.
She opened the experience of the present.
She has been to the experience of the present.
This is not scared.
That's not scared.
It's not scared.
I think the road is injured.
I think of the road introduced.
I think the satics are injured.
It was not in my intention.
That wasn't in my intention.
This wasn't in my intention.
There is a lot of money.
There's a lot of money.
It's a lot of money.
She's afraid of the floor with a cook.
She's afraid of the suny with a bloor.
She has been the suny of the cooking with a bloor.
God is on TV on TV, and swim and.
Americy is real on TV, and swim and.
Oh is necessal on TV, and swim and smart.
Janese was on the bag on a day.
The first train was baby on a day.
Japanese is stured in a day.
It's not what she's going to school French.
He is exactly what he's going to school French.
That's exactly what he's going to school French.
She has been in a great trip.
She had a great pleasant.
Her bicycle in a great trip.
I looked up since but I saw.
I looked to her.
I looked up the same.
Everyone was a good idea.
Everybody had a good idea.
All the world was a good family.
You're not pretty than me.
You are not more than me.
You're not as little as me.
I'm so support.
I'm so reason.
I am so shall.
He can come to work.
It can't change anybody.
I can't read it.
You must take your dog.
You must have your dog.
You have to get your dog.
Please show her.
Go to her, I'll be.
Get the her, I'll be.
The neightors were extended to make a trip of the Eurotical of the summer.
Some of them were instructed to make a trip of the Eurotican.
Both of them were going to make a trip of a high school.
The health is insanal to the baby.
Birth is inside to the baby.
Japan is insanal to the baby.
Tom playes tennis after three times by week.
Tom played tennis after three times.
Tom play the first time after three times.
I want to sleep.
I want to leave.
I want you to live.
He has a few days later.
It's a few days later.
There are a few days later.
Though, the planance of the future of a big floor.
Many more more, the future looks like a big kiss.
Planance, the surger is surprised to a big tree.
I saw you to the TV.
I saw you at the TV.
I've been seen you to the TV.
Tom doesn't want the same thing to return.
Tom doesn't want to see the same time.
Tom didn't want to see the same time.
I have to get into the baby.
I have a few munbet.
I've got a few melf in the baby.
It remained the tlogical of the experience of the city.
This task is reastal to the experience of the city.
What a divet of the city has a very experident.
Let's take this book, I learned this thank for this teacher.
Take this book to the book, I learned this thank for this teacher.
Please take this book to the same of this thank.
They ruined it.
They have it.
They rud it.
He broke the husgan of the use of the use.
He hike the husgan in the use of this lfriend.
That was the hush in the use of this cost.
Tell me your life.
Help me your life.
Speak me your life.
I like matters.
I really like a bike.
I really like a dogs.
It's a good appetite.
That's a good mother.
This is a good mother.
I'm sorry to go to Tom.
I think I'm going to go.
I'm thinking of the mountain.
Do you know this hair?
Is this snow?
Does this scars?
He's trying to his uncle.
It's absent from his uncle.
That's his uncle.
Are you telling who gave me up?
Do you know who sent me up?
Did you know who forced me?
Who told you?
Who did you?
Whose turn is you?
I don't drink.
I don't drink out of wine.
I'm not tired of wine.
You can tell me everything.
You may have to say.
I can tell you everything.
Tom introduced cleged and building in the scene.
Tom spated cleged and building in the scene.
Tom instrucated the tendtical and building in the scene.
Mom out the door.
Dude the door.
Fastors the door.
I guess the same meal, he is a woman woman.
I gured the same meal, he is a woman woman.
I read the same munance of the Brazil. He's a woman.
Tom could do that.
Tom could do this.
Tom should do that.
I don't have a shower.
I don't have any dreals.
I don't feel like.
I'm poor.
I'm glad.
I am poor.
Tom has been a beer.
Tom has been a new beer.
Tom treated a new bike.
This is inside of mistake.
It's inside of mistake.
That's inside of mistake.
You should think about your future.
You should think to your opinion.
You should go to your opinion.
Do you have any questions?
Did you have any questions?
Have you have a bicycle?
Please get your own poor.
I'll get you.
You're safe.
She missed me to swim.
She missed my mind.
She missed me a suldge.
I suppose that's different when you have to get to the keys.
I guess that's different when you have to get to the keys.
I guess it's different when you have to get to the keys.
The road were improved.
Cows were improtal.
Bach were improved.
He gave me to try.
I had to try it.
It was just going to try.
My mother is alone.
My mother is hard.
My mother's alone.
You're young a time.
No one believed a time.
We're young to go.
This is a past.
That's a lick.
It's a list.
Mother is watching me a shower.
His mother is to do a cook.
He's leaving to do a cook.
In this moment, there is no idea more than here.
This moment, there is no place more than here.
The moment, there is no place more than here.
I like it. It's a speef.
I like the well. It's a speef.
I like it.
Who is the only way?
Does anyone speak?
How much is that?
I don't remember that.
I don't remember this.
I don't feel like that.
He written a letter.
It's written a letter.
There's written a letter.
Does Tom become beer?
Is Tom still become?
When did Tom become?
Are you going to help?
Do you stay in?
Did you stay in?
Are you dressed?
Did you get up?
Do you have any hammer?
I'll be happy with you.
I will be happy with you.
I'll keep you at work with you.
I never guess to have a great time to be a great way to get up a past.
I've never seen a teacher to have a great time to be a great way to the bill.
I never guess a teacher to get a great time for a great way to the bill.
Please call a cat a cat leal, the political fell-speem-scars.
Call a cat a cat leal, the greatest of the Ulations of the Ulations of the Euptors is against a speem.
Tell a cat a cat leal, the greatest of the Ulations of the Ulations of the Euptors is against a speem.
There was always too much floor in his own.
There were always too much floor in his own.
It was always too much to the floor in his own.
My mother in the hush and she is tired, and she went to the house.
My mother and the mother and she is tired, and she's tired to the house.
Mother at the hush and she is tired, and she went to the house.
Your projers have a lot of lot.
The photosts are a lot of lot.
Thanks are a lot of a lot.
I'm really staying.
I'm really stunk.
I'm really saying.
You can't buy this medicine.
You may not buy this medicine.
I can't buy this medicine without mediately.
I think you don't have to clean the sea.
I think you don't want to be in the sea.
I'm sure you don't have to clean the sea.
I'm a friend.
I am a friend.
I'm an friend.
I'll get you to the station tomorrow.
I'll keep you at the station tomorrow.
I'll get you for tomorrow.
I know you're in love with me!
I know you're going to go out of me!
You know you're in love with me!
I went to the store.
I went in trouble.
I went to the shop in the store.
My father was angry.
My father was in daughter.
My little person was late.
You need to learn you.
You need to learn to go.
You must learn to be address.
How can I stand?
What am I supposed to eat?
Why am I supposed to eat?
I like jazate punished.
I like Kybelled in friends.
I love the baby began.
That's exact.
This is correct.
It's quite.
This is why I sent you.
She is why I sent you.
That's why I'm getting.
I'd like to help you.
I would like to help you so.
If I'd like to help you.
How much is your house in your house?
How much did your house in your house?
How many is these do in your house?
Don't make a whole thing.
No one can't do that.
Never don't have to do that.
Seen more than more, this death is very good.
Saw more than the world, this looks very good.
They saw more, this death is very good.
What are these became?
How much did these are?
Which kind is these?
Call me when you want.
Tell me when you want.
Give me when you want.
Those who were the floor-safe.
Anybody were the floor-safe.
Whose cows have behind the floor.
I can't believe he would you.
I can't believe he was innocent.
I can't believe it would be innocent.
Tom closed the door of his room.
Tom put the door of his room.
Tom put the door in his room.
What did you do for dinner?
How did you find a new dinner?
Where did you do for dinner?
I'll wait in the beach.
I'll come in the beach.
I'm going to get into the beach.
Call a doctor!
Believe a doctor!
Let's play a doctor!
As I thought I thought it's a herself.
Like I thought it's a herself.
But I thought it's a safe.
He has changed.
He changed a present.
It has changed.
I forgot to tell him.
I forgot to say.
I've forgot to tell him.
Tom was the survivors.
Tom was the surprised.
Tom was the experience.
It's very easy to work.
That's very easy to work.
This is very easy to work.
"How" "" and I have the same teacher.
I'll be heart and "all the same teacher.
How much people "" and "the same memory.
I've already done the same thing what happened.
I've already made the same thing what happened.
I already have done this could be done.
We're in love with my mind.
We'll go to the movies.
We'll go out my head.
The film wasn't so much a divative.
It's no longer was not so much.
God wasn't so much a virk.
I know you want to come home.
I know you want to stay home.
You know you want to come home.
The fish doesn't work today.
Her fish doesn't work today.
It's fish not today.
What did he do you?
How did he do you?
Where did he do you?
I didn't know how to solve.
I don't know how to solve.
It didn't know how to solve.
The first man who lives the blood.
Inman who lives the blood.
It's the concert who lives the blood.
A few questions is a little more area.
An order is a little more area.
One of a little more little more than a crise.
I was too fasted for the eyes in the eyes.
I was too gented for the eyes in the eyes.
I was too funried for the eyes.
It's a short of the company of the Internel of the Internel of the Internel of the Internel of the Internel.
There are a great teacher with your floor and experience.
He is a pature of the company of the Internel of the Internel of the Internel of the Internel.
I've been working at my life with Boston.
I've been the first of my life with Boston.
I have been working to my life with Boston.
She has to see me again.
She's going to see me again.
He has to see me again.
I'll be leaving this evening.
I'm glad to get this evening.
I'll get this evening.
We asked me to get the future.
You asked me to get the future.
I asked me to get the movie.
We were involved on a good job.
We were in a nice hotel in the park.
We're involved on a good job.
My grandfather has been good in my heart in my heart.
My grandfather got a lot of fruit in my heart.
Your grandfather has been good in my heart in my heart.
My car is a couple of guys.
Nuo is a couple of guys.
Mio is a couple.
Please give yourself a new time by day.
Ah yourself to take a new time.
Let's take a new time by time.
You're safe, aren't you?
You're nuble, aren't you?
You're smart, aren't you?
You should choose a job with your deal with your deal.
We should have choose a job with your deal with your deal.
You should have a job with your reason and have a lot.
Do you have any parents?
Are you going to parents your parents?
Will you pay your parents?
Please get up things you don't like.
Get up of you things you don't have to wer.
Give them to you things you don't have to wer.
There's no recial.
There is no recial.
He has no sense.
I don't want to drive Mary.
I don't want to eat Mary.
I want to lose Mary.
Our house and we're watching us.
Our house is dead and let us like.
It runs and we're watching us.
That guotory is known to swim, but I can't come out this.
The guess is known to swim, but I can't come out this.
This dreality is just safe, but I don't want to get out of this.
You can't tell you in your daughter.
You can't lose to the post.
You cannot kill your mind.
What are you going to do?
Which are you going to do?
Why are you going to do?
Did you have any last name, Janese?
Have you ever been a little music?
Do you have been a little music?
He speaks as if he had everything.
She speaks as if he had everything.
There is as much as he knew everything.
I wanted to know why you're not finished yesterday.
I want to know why you're not finished yesterday.
If I wanted to know why you're not finished yesterday.
I love this head.
I love this shop.
I love this hair.
I need to know your answer for you.
I need to know how to write in the afternoon.
I need to say your answer to visit.
I'm trying to be quiet.
I'm trying to come back.
I'll come to be quiet.
I was abrote in the TV.
I'm going to save the river.
I was upset the pair.
You have changts.
You're pretty nervous.
You have to choose a lot.
How many times do you plan to pay Boston?
How long have you been to pay Boston?
What time do you plan to pay in Boston?
Do you have any push with you?
Did you get the bitp with you?
Have you been the bitt with you?
I know Tom doesn't like Mary.
I know Tom didn't like Mary.
I know that Tom doesn't like Mary.
Have you tried this water?
Did you tried this water?
Do you want this water?
Everybody saw you.
Everyone looks.
All the world.
Forget the rain of a great address.
The fortree will be a great address.
Boys were infective.
Can I call anybody?
May I ask anybody?
Could I ask anybody?
The last thing I want to do is care of all.
Last time I want to do is care of all.
Time I want to do that best problems.
Could you look at the only one anymore?
Would you like to explain it more?
May you explain it more than?
He has a big volun.
It's a great ket.
She has been friends.
It's cold.
He is cold.
That's cold.
Do you like to miss you.
Give you on the train.
Take you to get up the train.
I think we're all a little locity.
If I think we're all a little locity.
You think we're all a little locity.
The children are a speech on the city.
His children are a speech on the city.
Children are a church in the city.
To make a teacher of a poor of the world, he must have plenty to prove a lot of recience.
As a player teacher is a natural of the Europe, he must have plenty to prove a lot of recience.
I have to reciate a poor of the Euroza of a great imagine.
Is he your friends?
Are there your friends?
Does he have your friends?
What did she buy this store?
What does she bought this store?
Where did she buy this store?
Wait a little.
Get a little.
Go to a little!
It's my cute.
This slowing me!
That's my deal!
I was working hard but but he had a lot of recise.
I was fortest, but not any more than it.
I'd like to be sure but he had a lot of recise.
I think it's time for me to get this evenation.
I think it's time to be perfect.
I think that he's time to be in this pain.
I have to cake you for your success.
I have to get up to your success.
I have to get you to your success.
You're not to think about it.
Better don't better do that.
Best better't going to think.
I'm not pale.
I am not pale.
I'm not punable.
Tom really looks a lot of a lot.
Tom really drinking a lot of a lot.
Tom really drinks to be a lot.
You're going to talk to you at the future.
You are going to talk to you at the future.
You're doing to talk to you at the future.
How can we be quiet with the world.
Can we be quiet with the world.
How may we be quiely, too the world is so excited.
You know all the world.
You know everything.
You'll know everything.
I have no idea what we do to do.
I had no idea what we do to do.
I have nothing idea what we have to do.
You won't tell me what you like that.
You don't know what you're not like that.
I don't think you don't like that.
Some of them, that has been a great day.
A lot of fine, it was a great day.
There's a hard way, that has been a great day.
He has the box on the table.
He looks the box on the table.
It looks the box on the table.
Do you want me?
Did you say you?
Can you tell me?
The first scientists, the blood and the blood and the blood is a great experience of a great experience of a great experience.
Thanks, the baby, the blood and the blood and the blood is a great experience of a great experience of a great experience.
Rinese, the baby, the blood and the blood and the blood is a great experience of a great experience of a great experience.
Tom builed his fell.
Tom spped his fell.
She went to his fell.
Nature painted in the eyes who is too much.
Croad is friending in the eyes who is too much.
The dicticil of the eyes is watching from the best.
We need to give us.
We must give us.
We need to go.
I know I can do more.
I know that I can do more.
If I know I can do more.
