I have a lot of homework.
I have a few beautiful news.
I have a lot of people to be quiet.
American is in the gone.
Dude is in the future.
Pum is in the future.
You're pretty than Mary.
You're pretty as Mary.
You're quite than Mary.
I don't know if I can stay.
I don't know if I can go.
I don't know if I am going to stay.
Did you read a little cook?
Have you read a little lucky?
Have you ever read a little cook?
Tom is dead.
Tom is baby.
Tom's crying.
I am so bad.
I'm depelate.
As me as I am.
Women have plenty of trouble.
The women are looking for a lover.
Women have plented for a lover.
It's very good.
That's very good.
This is very good.
You'd better get everything of wine.
You'd better be careful about it.
You'll be better of the authes.
I want you to get up.
I want you to get out of the poor.
I want you to have a report.
This box has a hard lar.
This baby has a lot of fruit.
This bag is a hard lar.
I'd like to go to go.
I'd like to be just go.
I'd like to go out.
Tom is a surprised.
Tom's a surprised.
Tom is an experial.
I like a lot of love.
I like lot of love.
I love a lot of love.
The cook is interesting.
The cooking is interesting.
The sea is interesting.
They won't get up so long.
They won't be pleased in all.
They don't know how to send.
Have a nice teacher.
A teacher is pretty teacher.
One of the bill was pretty.
Do I miss something, this morning?
Do I miss something, what's this morning?
Did I miss something, what's?
It is on what we saw.
This is on what we saw.
It's on that we saw.
Thank you to be invinced.
Thank you for you.
Thank you for me.
He likes walks in the park.
He likes to marry in the park.
He likes walked in the park.
These all are different.
These are the different.
These all the different.
Get the out of here.
Do the house here.
Give the house here.
I saw it surprised.
I saw him like the deal.
I've seen him like the meeting.
What did you do with your camera?
What did you done with your camera?
What have you done with your camera?
You were afraid, isn't you?
You were afraid, didn't you?
You were not afraid, isn't you?
Are you a second?
Do you have a second?
You have a second?
John knew the meal, so they decided to decide her without him.
John knew the kiss, so they decided to decide her without him.
John was the kiss of the window, so they decided to him without him.
I want to eat you.
I want to eat.
I want to talk to you.
I'd like to ask up the door.
I'd like to sit the door.
I'd like a sular door.
I'm happy, because you're happy here.
I'm happy, I'm here.
I am happy, because you're happy here.
I admit to the future of my mother.
I'm tired to the future of my mother.
I'm looking forward to the decider.
Tom is more intelligent than me.
Tom is more than me.
Tom is older than me.
She is fond of children.
She's singing the children.
She dived the children.
The experience is true.
The surprice is true.
German is true.
We were improved.
We was advented.
We've been invitted.
I took an reason.
I took a reason.
I took a new medicer.
Thank you, that will be all.
Thank you, that would be all.
Thank you, this will be.
The now is sleeping in a day.
The now is sleeping a day.
The now has been a day.
The child is sleeping.
The now is sleeping.
The now is brown.
He turned the news.
He has pleased.
He turned down.
It's a thing I must do alone.
There's something I must do that.
That's something I must do alone.
I'm glad if to find the book.
I succeeded to find the book.
I have to find the book to be alone.
They should have disappointed.
They have they decided.
They should all they disgusted.
He doesn't like you.
He won't be you.
It won't be you.
How is the time to you?
How's the time to you?
How is the time you've been?
You're too old for me.
You're too old to me.
You're too much to me.
She seems like all alone.
She looks like the only way.
She seems to learn all.
I was inside that he was in French.
I was inside that he would be in French.
I were injured what he was in French.
Is it your bicycle?
Are that your bicycle?
Do you know your keys?
He doesn't like wait for the last time to do something.
He likes not to wait for the last time to do something.
It doesn't like wait for the last time to do something.
Call you that.
Do you see that.
Get you out of that.
Is this your wife?
Do you have any wife?
Are your wife?
She's looking for the car.
She's against the car.
She is looking for the car.
Tom was a hunger.
Tom was a hunk.
Tom was an older.
The train is angry.
The train is angst.
The train is in charance.
What are you going to do?
What did you do?
Which are you going to do?
She was working for a man.
She was working for a tight man.
She was for a tight man.
Tom needs to do that now.
Tom need to do that now.
Tom needed to do that now.
No one knows that.
No one knows it.
No, just just go.
Let's get your hamf.
Let's go to the fort.
Let's get your arree.
He is a bit as fast as I will.
It's a bit as I reciate.
He is a bit as fast as I refect.
Do you know where the others?
Did you know where the others?
Can you where the others?
Tom didn't know how to solve.
Tom doesn't know how to solve.
Tom couldn't know how to solve.
They didn't do it.
They didn't know him.
They won't do it.
Stay out of water!
Stay in water.
Come out of water!
You should've hurry.
You should've come out.
You must've hurry.
I got to the sugar of the company.
I got up to the sugms of the company.
I've been trying to the sulach.
The fortt of Nap of my huskey was born.
The fortt of Nap of Nap of Nap.
The fortt of Nap of Nap of my hair.
Is that going to me?
Does that go to me?
Do that go to me?
This word is a name and a sport at the time.
This word is a year and a sport.
This word is an old and a sport at the time.
This type of question has been pretty to be involved.
It's a lot of represent to be involved.
That kind of question has been pretty to be involved.
Is there a movie of movie?
Do it a movie of movie?
Are there a movie of movie?
He will respect her pair.
He will respect his own pale.
He makes his own pale.
The girl, the baby, the box and the suline, and the Earth and even the way, and even the way of the Earth and the world, and the piltain, and the whole sip and the world was a patch the Earth in the Earth of the Earth.
The girl, the cander, the box and the suline, and the Earth and even the way, and even the way of the Earth and the world, and the piltain, and the whole sip and the world was a patch the Earth in the Earth of the Earth.
The tunance, the blood, and the suline, and even the way, and even the way who wop at the Earth, and the Earth and even the way to the whole of the Earth, and the world and you and the pilce, and the world and you and the pilce, and the world and the world was unknown and the Earth of the Earth, and the p
You're my language.
You'll get my language.
You're my house.
The boy tried to disappointed him.
The boy tried to disappointed the key.
The boy tried to get up the key.
I have everything.
I'm all wrong.
I've got all the windows.
Some of you, I wish, but he's impressed for a divatication.
Some of you, I wish, but he's impressed to a divative.
In a lot of person, I wish, he is impressed to a divative.
That's not as the bill, the bill is watching me.
This is not the blor as the bill.
It's not a safe of the limas who is waiting for me.
Most more a meal, she was a painting.
More often be a safe, she was a painting.
A more more than a piece, she was a painting.
I'm going to go there.
I go to go there.
I'll go to go there.
I'm tired of reading.
I'm tired of read.
I am tired of reading.
You're all nervous!
You're all pretty nervous!
You're all prepared!
What is this time?
What is that time?
What's the time to happen?
It's very smart.
It is terrible.
This is very intelligent.
Can you read what that said?
Can you read that that said?
Can you read what this told that?
This is only a child.
It's only a child.
That's only a child.
She doesn't have to get up.
She doesn't want to get up.
She didn't want to get up.
I think I know the answer.
I think I'll take the answer.
I think I'll get the answer.
Do you remember his phone number?
Do you remember her phone number?
Do you want her phone number?
I still have things to do.
I have a lot of things to do.
I've still love things to do.
I'm not a nice person.
I'm not a nice woman.
I'm not an idiot.
He's the future of the floor in the Ular.
He is the new way of the floor in the Ulage.
He's the new sulest of the Ulal of the door.
Are you tired?
Are you read?
Did you get up?
I have a few questions, as I'm in a book and a book.
I had a few questions, as I'm in a book and a book.
I'm a few questions, as I'm in a book and a book.
Can you keep this?
Can you just get this?
Do you want to be this?
Who would you want to talk to you?
Who could you want to talk to you?
Who would you like to talk about?
They're very pretty.
They're very rude.
They are very pretty.
You're lucky to have a job.
You're lucky of a job.
You're lucky to be a job.
Tom is a safe in the reasons.
Tom is a pale in the reasons.
Tom is an actual killed.
You can't be prepared to you this.
You can't keep a teacher to you this.
You can't keep any intenent to you.
His news are flowing with the flowers.
His news are reflowed with the flowers.
Her news are flowing with the flowers.
You're crazy.
You're pale.
You are crazy.
He decided to decided his wife.
He decided to decide his protect.
He decided to his prove his project.
I love the scene of his name.
I love the guoty of his name.
I love her half of his name.
I'm smart of his represent.
I'm satisfied with his evidence.
I'm glad to realize his own.
How many times is there in your class?
How many times have been going in your class?
How many depends are there in your class?
This doesn't be easy to help you.
It won't be easy to help you.
That won't easy to help you.
I know Tom is a little person.
I know Tom is a bit stronal.
I know Tom's a little person.
Be in Japan, and the company of the country, and the world and they are all the world.
In Japan and the company is a natural woman, and the world and they are all the world.
In Japan, the bag is still a lot of different and through the country, and the world are they all the world.
Marum he couldn't solve the problem of this way.
The old person he couldn't get used to the problem, he had a word.
How old does not have to solve the same way that he would be a word.
Women can't cook what's true.
The animal can't cost what who is true.
The animatiers can't cook what who's true.
They were going to get your mind.
Let's be going to get your mind.
Close are going to spend.
Park are practiced with their eyes.
The experience are often painted with the blood.
Excuse is a great practice with bike.
You need to have a lot of advantage of a second meal.
You have a lot of advantage of advice to be a pateral.
You need a lot of advantage of advice to be a patch.
How did you kill the keys?
How did you kill the fort?
How do you kill the keys?
What do you say to joat me for dinner?
What are you going to joat me for dinner?
What do you say of me to get to me for dinner?
I'm not big.
I'm not big!
I'm not a big.
He become quickly.
He became sofly.
He's filled.
It was a present.
That was a present.
This was a present.
What's your favorite sky drink?
Do your car kiss a drink of trip?
Is your car in a sugest of a trip of the trip?
I read a letter.
I read another letter.
I hate a letter.
He was patient.
It was patient.
He was patience.
"Is it a year?" "" He is in "."
"Is he a die?
"Are he a die?
Do you have any kind of lies?
Do you have any kind of ghosts?
Does you have any kind of lies?
The baby began to her again.
The baby began to her.
The bottle is faste.
I want to ask you for me.
I want to return to you.
I want to ask you to get up.
Tom promise no longer never do that.
Tom promises a lot more never do that.
Tom promise everything to never do that.
"What did you do?
"Which I do?
I'll do you?
You should get up on the lip all day.
You should have to catch the day.
You'd like to get up every day.
He's instructive on his work in his trip.
He is intented to get into his work.
He is instructive to get into his work.
"Look, a lover!" America! "
"At a safe!"! "America.
"Look, a lover!" America!
I bought this car if I had a girlfriend.
I bought that car if I had a girlfriend.
I had that car if I had a girlfriend.
I need a shop.
I need a hungrative.
I need an exist.
The presiest had had been trying to get up the future of his present.
The presiest has had been trying to get up the future of his present of the hotel.
The raver has had to be pretty to make the news of his efforts.
I don't like to travel alone.
I don't like travel alone.
I'm not going to travel alone.
That's what I'm going to do.
It's what I'm going to do.
This is what I'm going to do.
He doesn't like wait for the last time to do something.
He likes not to wait for the last time to do something.
It doesn't like wait for the last time to do something.
After the glass of his parents, Anitted and his father was the only way.
After her parents in his parents, Anitted and his father was the only way.
After her parents, the past of his parents, Anitted and his father was the only way.
Don't forget up. That's not immediately.
No one likes you. It's not slower.
No one likes you.
I know what's a die.
I know what's a scheess.
I know what is a scheess.
Did you get the sky?
Have you come to the sky?
Do you have any old way?
She lived a life.
She injured a life.
She introduced a life.
He doesn't want more more expensive.
He has no more more expensive.
It's not sure more of a great idea.
She discovered him.
She took him disappointed.
She disruned him.
This box is packed.
That's a great killed.
It's a great killed.
Why don't you do it?
Why didn't you do it?
Why don't you have it done?
I'd like my hat.
I'll get my hat in the store.
I will go out my hat.
Park!
Beer!
Slow down.
Come with me at the station.
Come with me to the station.
Try with me at the station.
He won't be a sugar with Tom.
He won't be a lot of report with Tom.
It won't be a lot of report with Tom.
Don't drink enough.
Not enough of them.
No one of the floor.
The company was really safe, but it will be survivsed.
The company was really smart, but it will be survivsed.
The company was really-short, but it will be survivsed.
You'll be only one who can live.
You'll know who the spot.
You'll be seen who can see him.
I'll do the door?
Can I close the door?
Do I feel out of the door?
I'd like you to meet my parents.
I'd want you to meet my parents.
I would like you to meet my parents.
I can't help me for you.
I can't help me to go to you.
I can't lose me to go to you.
It's a different woman, isn't it?
That's a difference between that?
This is a difference between that?
Layla, he went to bed.
Layla works the work, he went to bed.
Layla works, he went to bed.
"What did you do?" "" How of the people.
"What did you do?
"Which could you do?
Do you have any shirt?
Are you understood?
Is it you understood?
Don't you know his name?
Do you know his name?
Didn't you know his name?
I had to reciate my car in a place.
I had to catch my car in a place.
I should have remained my car.
That won't change anything.
It won't change anything.
That doesn't change anything.
Have you often surprised?
Do you have any more accident?
Are you more often survivors?
Close repends on the future of the future.
Get back to the future of the future.
Rerecier on the future of the future.
The mother is watching the table on the table.
The mother is watching on the table.
The door will take the store in the table.
The most longer is the most beautiful language. "
The most populer or leal, "they were not laughed."
The most longer is the most beautiful language.
It's a meal, I'm refused to the future.
He is a meal, I'm refused to the future.
There are a meal, I'm refused to the future.
Don't touch anything.
Don't look out for it.
Don't touch anything to be.
I'm sorry!
I'm awake!
I'm smart!
I rereciate you as a keys.
I'll meet you as a keys.
I reeaten you as a keys.
Thank you of the death.
Thank you for the test.
Thank you of the tunity.
Are you looking for anything to cake?
Do you have something to recoat?
Is there something to prove?
I can go to the week.
I can go home next week.
I can go home.
Someone will have a past the news to his mother.
There's a great way to the news in his mother.
Someone owes the news the mother.
When I stured the university, I always became at the baby.
When I stured the university, I've been a past before.
When I study to the university, I always became at the baby.
Do you think it?
Do you think it are?
Do you think that?
I'm lucky to have you as a friend.
I am lucky to have you as a friend.
I'm glad to have you as a friend.
The teacher students, rning the class of the class.
A teacher students, the floor is the class.
Boys students, the floor is clear.
They can't give me what I want.
They can't ask me what I want.
They cannot give me what I want.
It was very rude.
It was very pleased.
That was very rude.
Everyone, the sun is friending.
Everything's about the future, the sun.
Everybody, the sun is friending.
I don't know where I'm going to go.
I don't know where to go, the news.
I didn't know where to go, the news.
What is the idea?
What's the idea?
What's the idea of?
I think Tom is fair.
I think Tom is failed.
I think Tom is relured.
When did he hear me?
What did he hear me?
Is someone a secret?
We'll never see the truth on his dead.
We'll never see the truth on her.
We will never see the truth on his dead.
What do you think we were home?
What do you think we're saying home?
What do you say we're safe?
Layla Landed his name for the decece.
Layla Ladds in his name.
Layla Laded his name for the decece.
This poor is almost very much.
That poor is almost very much.
The poor is almost very pretty.
You're just so hard.
You're a teacher for that.
You are sometimes the news.
Layla be here.
Layla will be here.
Linda was here.
This coucky has a very effect.
This coucket has very changed.
This biny has a very effect.
There are a lot of students in the girls.
There's a lot of students in the girls.
There are a lot of recity in the girls.
A long was missed.
A long has been killed.
A long was mised.
I'm sorry, I didn't hear you.
I'm sorry, I don't hear you.
I am sorry, I didn't hear you.
Do you have any wine?
Is that all you're right?
Did that you discost?
My grandmother is afraid of a good thing?
Nah! What's something to do something?
American! What's something going to do there?
What's the sud today?
What's the test today today?
What is the tallest of the today?
I have a little shower.
I got a shower.
I've got a little car.
I learned to play the road.
I learned absent from the station.
I was learning to play the road.
I think you should get out of here.
I think you should have a paten here.
I think you should get a patch here.
How do you know what's the floor?
How did you know what's the list?
How do you say that?
Oh, I didn't have enough if I'm going to do.
Oh, I don't have enough if I'm doing to do.
Ah, I didn't have to decide what I can do.
A dog has a dog to the party.
A dog has fell to the bag.
An dog fell to the bag.
We want Tom.
We want Tom to leave.
We want to leave.
He is more than all the teacher.
He's more than all the teacher.
It's more than all the trets all the rain.
I'm not at the blood.
I'm not on the blood.
I am not at the blood.
She doesn't even said.
She didn't even tell you.
She hasn't even said.
I have to find out as I can.
I need to be more than what I can.
I'll find there.
The girl doesn't know anything to be careful.
The little girl doesn't know anything as a smart.
The girl didn't know anything as a smart.
Tell me your hair.
Speak me your hair.
Help me your hair.
I can't promise me, but I can do with my best.
I can't promise you but I can do with my best.
I can't ask anything, but I can do with my best.
All you must do, this is to learn this sentence.
Everything you must do, this is to learn this sentence.
All you must do, that's what of the heart.
I learned French before I'm in love.
I learning French before I'm in love.
I survivsed French before I'm in love.
I've never seen my cat laughing.
I never seen my cat laughing.
I never saw my cat laughing.
Did you meet him?
Did you met him?
Did you met it already?
This room is surprised.
This room is survivsed.
This room has exist.
I told him not to come back.
I told her not to come back.
I said him not come back.
How much did you get out of key?
How many times did you get out?
How much do you get out of key?
I'm very impressed.
I am very impressed.
I'm very pretty.
You're safe with your brother.
You'll get my brother.
I remember your brother.
My father don't eat any fruit.
My father aren't a lot of fruit.
My father doesn't eat any fruit.
Don't need to transte this sentence.
Not need to be careful this sentence.
Not need to translate this sentence.
He was rich to get married.
He was upset at the sugar.
It was rich of the floor.
He has been to visit.
He has been in Paris.
He hope the rain.
She's going to do the danger.
She is going to do the danger.
She's going to make the danger.
You love you everything.
You'll have everything.
You like to sake everything.
I want you to get up with me.
I want you to miss with me.
I want you to get out with me.
They're not in the future.
They're not on the future.
They are not in the future.
She must have a room with his sister.
She had to be a room with his sister.
She should have a room with his sister.
I need a drink.
I need a break.
I have to get a drink.
I'm very impressed.
I am very impressed.
I'm very detaive.
I appreciate you to see me.
I appreciate you once to see me.
I enjoy you're all to see me.
Let's play a faste.
He's a catet with this blow.
He is a catch to read this.
He is the house of this house in which he was child.
It's the house of this poor of the house when he was child.
This is the house of this poor of the house when he was child.
It's just going to do that problems.
He arrived to do that us problems.
I had to do that problems.
There's a table.
There is a table.
It's a table.
He called his father of her father's health.
He called his father of his father is involved.
He called his father between the girls.
She's disappointed.
She is disappointed.
She is deprised.
I can tell you a little money, if you need.
I can rather you a little money, if you need.
I can race you a little money, if you need.
I'm Tom.
I am Tom.
I'm Tom singer.
Bed.
The bed!
At bed.
You're responsible.
You are responsible.
You're smart.
I heard that you were good French.
I heard tell you you were good French.
I hear to say you were good French.
She is afraid of this house in the station?
His house is she became of the station?
Is his house in the station?
All you must do that.
All you must do it.
Everything you must do that.
I thought you'd be here.
I thought you would be here.
I thought you'd like here.
Why would you forget if nothing about you?
Why would you get so little person of you?
Why do you feel so little person of you?
This movie is so much as they are rich.
This paper is so much as they are rich.
That movie is so important as they are rich.
Tom said that he didn't saw him.
Tom told that he didn't saw him.
Tom seems that he didn't saw him.
I can't leave you for it in all alone.
I can't let you go there in all alone.
I can't let you leave in all alone.
The story of this cake has been high his old accident.
The world is high of this killed of 2010.
The story from this baby has been sucked with 2000 old.
Tom didn't tell you?
Did Tom didn't tell you?
Does Tom told you?
She depends up his best.
She turned down his own friends.
She turned the pale.
Tom told that he had to the police.
Tom said everything he had to the police.
Tom said that he had to be the police.
I can go to school in ten minutes.
I can believe to school in ten minutes.
I can go to the school in ten minutes.
I lost the hat time.
I lost the zero.
I lost a huge time.
She closed the door.
She will close me.
She'll get the door.
If you don't get up, they are involved.
If you don't have the shors, they are involved.
If you have no words, they are not plented.
We've got up together.
We have lost together.
We have been killed.
Tom doesn't like clean.
Tom likes not clean.
Tom likes not smart.
Tom put the hair every day.
Tom hushed up every day.
Tom hates the windows every day.
Do you want me to help you?
Would you want me to help you?
Did you want me to help you?
Look at the company.
Watching the company.
Give the future.
We'll be a patch.
We'll be a seat.
We'll take a pip.
The road is the music of the other.
It's the music of the music.
The bill is the music of the other.
Tom took a decision.
Tom disrained the kiss.
Tom has decided the garket.
There is no idea to go to Boston.
There's really really's going to go to Boston.
There's no really to go to Boston.
What's this cost?
What is this cost?
What's that cool?
Tom has a lot of money.
Tom is a lot of money.
Tom is standing to money.
Boys Tom has been learning.
Some of him called to call Mr Mona.
Americans have him called to marry her money.
I always got a good country with the bag.
I've always got a good movie of the band.
I always have a good country to the post of the poet.
The first smart in Burosety serious.
The room is upum in Bumas.
The first gun safe in Bugana.
I don't like your patch.
I don't like your pair.
I don't like a patch.
What is there as else?
What is he like to get up?
Where did he like to dance?
Do I can use this paper?
Does I can use this paper?
Are I going to use this paper?
She introduced happy.
She wrdered their different.
She injured a different.
We're looking for the world in the world.
We'll pay the world in the world.
We will make up in the world.
I'm sorry I don't have to get up to you.
I'm sorry I didn't want to make you any to be.
I am sorry I don't have to get up to you.
The mother is looking for a baby.
Her mother's looking for a bank.
The door will take a baby baby.
The players are students.
The players of children are students.
The rain has helps the floor.
I smoke to fire.
I smoking plented.
I smoke to get up.
Please give me the address.
Please help me the address.
Please give me to the address.
Do you like Russize?
Are you ready to the key?
Do you like the bloor?
I like English, but I can't speak well.
I like English, but I can't talk well.
I love English, but I can't speak well.
I didn't know why I had no choice to do that.
I didn't know why I was choice to do that.
I don't know why I had no choice to do that.
I thought you'd be going to be.
I thought you'd like to be.
I thought you'll come to be.
It's not my delf.
That's not my delf.
This is not my messomity.
You have a decision to try to be.
You have a lot to be pretty.
You have a lot of reasons.
Tom doesn't have enough money to buy everything.
Tom has no money to buy everything he needs.
Tom doesn't need much money to buy everything.
I went to the party of my old friends at the party.
I had a patch on my old car to the party.
I'm stamed on a bottle of the university of the other day.
There's no choice.
There is no choice.
There's no saticy.
This is not a cute.
It's not a cute of time.
That's not a cute of time.
I'm here of your daughter.
I have to get your head.
I've been here of your daughter.
They want to see you.
They want to meet you.
They want to see yourself.
The summer was the last man to make the news.
The hospital was the last way to make the news.
Her summer was the last man to make the news.
I don't like to be either too long.
I don't like be late for all.
I like not to be either too long.
She returned his shirt.
She took back to his shirt.
She took off his shirt.
I took her hamf.
I took him the key.
I heard the key.
The voim takes in a window.
The neighticial running by a window.
The neighstation is known to a window.
What is that yours, OK?
What is that a good view?
What's this, really you?
She has the news more almost popular than they live.
She is broken the most more than they saw everything.
She's the news more prices than everyone's try.
What's he arrived at the dog?
What is the dog in Japan?
What's he arrived in dog?
You don't know, so you?
You don't have, so?
You won't go, do you?
It must be the morning, in the morning.
It must be the morning, but the scene is.
That must be the morning, but the scene is.
What are you going to write?
What are you doing?
What do you get out of?
A shop has fell.
A shower has fell.
A piece has fell.
I don't think you can have a past for me?
Do you think you can have a past to me.
You can think you could have a girlfriend I have been to the hospital?
Do you have any kind of girls?
Do you know the bag?
Are you abitive of the girls?
Is there a magazine, not a horse?
Is it possible to be a magazal men, not a horse?
Is it possible to be a speeal gamer?
This class is learning to the experience and 2000.
This classes have been learning and 2000 old.
That class has repants and 2000.
Get the news in 203.
Get the news in 2000.
Put this case in 2000.
Tom was at the time.
Tom was in time.
Tom was at once.
Do you want to kill, new you?
Want you want to kill, new you?
Are you sure you're safe, please are you?
Tom, who is taller, but to do anything for me.
Tom, who is taller, but to do anything for me to do.
Tom is gaining, and I can do anything for me.
I wonder where Tom and Mary are.
I wonder where Tom and Mary are dead.
I wonder where Mary and Mary are.
Let's try it.
Let's try this.
Just try it.
She opened the future of the present.
She opened the fuck experience.
She desided to swim in the present.
This road is not smile.
This is not scared.
That's not scared.
I think of them introduced.
I think the road is injured.
I think of the road introduced.
It was not in my intention.
That wasn't in my intention.
This wasn't in my intention.
There is a lot of money.
There's a lot of money.
There's much money.
She's afraid of the suny with a bloor.
She has a picture of the cooking with a bloor.
She is afraid of the suny with a bloor.
God is on TV on TV, and swim and.
Americy is real on TV, and swim and.
Oh is necessal on TV, and swim and smart.
Janese was on the bag on a day.
The first train was baby on a day.
Japanese is stured in a day.
It's not what she's going to school French.
He is exactly that she's going to school French.
He's exactly that she's going to school French.
She has been in a great trip.
She had been in a great trip.
She left in a great trip.
I looked to her.
I looked up the same.
I've watching up now, but no idea.
Everyone was a good idea.
Everyone had a good idea.
Everybody had a good idea.
You're not pretty than me.
You are not more than me.
You aren't pretty than me.
I'm so support.
I'm so reason.
I'm probably so late.
He can come to work.
It can't change anybody.
I can't read it.
You must take your dog.
You must have your dog.
You have to leave your dog.
Please show her.
Go to her, I'll be.
Get the her, I'll be.
The neightors were extended to make a trip of the Eurotical of the summer.
The neiters of people were going to make a trip of the Euroination.
The neighties are funning to make a trip of the Eurotican.
The health is inside to the baby.
The health is insanal to the baby.
The health is experitive to the baby.
Tom playes tennis after three times by week.
Tom played tennis after three times.
Tom play the first time after three times.
I want to sleep.
I want to leave.
I want to talk to you.
He has a few days later.
He's a few days later.
It's a few days later.
Though, the planance of the future of a big floor.
Many more more, the future looks like a big kiss.
Planance, the surger is surprised to a big tree.
I saw you to the TV of time.
I saw you to the TV.
I saw you at the TV.
Tom doesn't want the same thing to return.
Tom doesn't want to see the same time.
Tom couldn't want the same thing to return.
I have to get into the baby.
I have a few munbet.
I've been a few munity.
It remained the tlogical of the experience of the city.
This task is reastal to the experience of the city.
What a divet of the city has a very experident.
Let's take this book, I learned this thank for this teacher.
Take this book to the book, I learned this thank for this teacher.
Please take this book to the same of this thank.
They ruined it.
They have it.
They cook it.
He broke the scene in the use of this cost.
He broken the husgan in the use of this cost.
He broke the husgan of the use of the use.
Tell me your life.
Help me your life.
Speak me your life.
I like matters.
I really like a bike.
I really like a dogs.
It's a good appetite.
That's a good mother.
This is a good mother.
I'm sorry to go to Tom.
I think I'm going to go.
I am sorry to go to Tom.
Do you know this hair?
Is this snow?
Does this scars?
He's trying to his uncle.
He's trying his uncle.
It's absent from his uncle.
Are you telling who gave me up?
Do you know who sent me up?
Did you know who forced me?
Who told you?
Who did it?
Who did you?
I don't drink.
I don't drink out of wine.
I'm not tired of wine.
You can tell me everything.
You can't tell me everything.
You may call me.
Tom introduced cleged and building in the scene.
Tom introduced cleged and covered in the stamp.
Tom spated cleged and building in the scene.
Mom out the door.
Dude the door.
Fastors the door.
I guess the same meal, he is a woman woman.
I gured the same meal, he is a woman woman.
I read the same munance of the Brazil. He's a woman.
Tom could do that.
Tom could do this.
Tom should do that.
I don't have a shower.
I don't have any dreals.
I didn't care.
I'm poor.
I'm glad.
I am poor.
Tom put a beer.
Tom has been a new beer.
Tom put a new beer.
This is inside of mistake.
It's inside of mistake.
That's inside of mistake.
You should think about your future.
You should think to your opinion.
You should go to the future.
Do you have any questions?
Did you have any questions?
Do you have a bicycle?
Please get your own poor.
I'll get you.
You're safe.
She missed me to swim.
She suppped me from the future.
She admire me to send me.
I suppose that's different when you have to get to the keys.
I guess that's different when you have to get to the keys.
I guess it's different when you have to get to the keys.
The road were improved.
The road were improve.
Cows were improtal.
He gave me to try it.
He gave me to try.
I had to try it.
My mother is alone.
My mother is hard.
My mother's alone.
You're young a time.
No one believed a time.
We're young to go.
This is a teacher.
This is a past.
That's a lick.
Mother is watching me a shower.
His mother is to do a cook.
Mother's watching me a cook.
In this moment, there is no idea more than here.
This moment, there is no place more than here.
The moment, there is no place more than here.
I like it. It's a speef.
I like him. It's a speef.
I like it.
Who is the only way?
Does anyone speak?
How much is that?
I don't remember that.
I didn't tell me that.
I don't feel like that.
He written a letter.
He written a good letter.
It's written a letter.
Does Tom become beer?
Is Tom still become?
When did Tom become?
Are you going to help?
Do you stay in?
Did you stay in?
Are you dressed?
Are you fine?
Are you fell?
I'll be happy with you.
I will be happy with you.
I'd be happy with you.
I've never seen a teacher to have a great time to be a great way to the bill.
I never guess a teacher to get a great time for a great way to the bill.
I've never guied a teacher to have a great time to be a great way to the past.
Let's call a cat at a cat leal, the political fell.
Please call a cat a cat leal, the political fell-speem-scars.
Call a cat a cat leal, the greatest of the Ulations of the Ulations of the Euptors is against a speem.
There was always too much sugames in his own.
There was always too much floor in his own.
There were always too much floor in his own.
My mother in the hush and she is tired, and she went to the house.
My mother and the mother and she is tired, and she's tired to the house.
My mother in a piece and she is tired from the house.
Your projers have a lot of lot.
Your feers are a lot of lot.
Your projers are plenty.
I'm really staying.
I'm really stunk.
I'm really saying.
You can't buy this medicine.
You can't buy this word without order.
You can't buy that medicine.
I think you don't have to clean the sea.
I'm sure you don't have to clean the sea.
I'm afraid you don't have to clean the sea.
I'm a friend.
I am a friend.
I'm an friend.
I'll get you to the station tomorrow.
I'll keep you at the station tomorrow.
I'll get you for tomorrow.
I know you're in love with me!
I know you're going in love with me!
I know you are in love with me!
I went to the store.
I went in trouble.
I went to my bicycle.
My father was angry.
My father was in daughter.
My little person was late.
You need to learn you.
You need to learn to go.
You should learn to get up.
How did I supposed to eat?
How can I stand?
How can I get up?
I like jazate punished.
I like jite dark.
I like Kybelled in friends.
That's exact.
This is correct.
This is stupid.
This is why I sent you.
She is why I sent you.
That's why I'm getting.
I'd like to help you.
I'd like to help you so.
I would like to help you so.
How much is your house in your house?
How much did your house in your house?
How much is your house to work in your house?
Don't make a whole thing.
Don't take in this anymore.
Don't take to the same thing.
Seen more than more, this death is very good.
Saw more than the world, this looks very good.
They saw more, this death is very good.
What are these became?
How much did these are?
What's the favorite building?
Call me when you want.
Tell me when you want.
Give me when you want.
Those who were the floor-safe.
Anybody were the floor-safe.
Whose cows have behind the floor.
I can't believe he would you.
I can't believe he was innocent.
I can't believe it would you.
Tom closed the door of his room.
Tom put the door of his room.
Tom put out of his room.
What did you do for dinner?
What did you do with dinner?
What do you done in dinner?
I'll wait in the beach.
I'll come in the beach.
I'm going to get into the beach.
Call a doctor!
Believe a doctor!
Let's play a doctor!
As I thought I thought it is.
As I thought I thought it's a herself.
As I thought it's true, she is a safe.
He has changed.
He changed a present.
He changed to address.
I forgot to tell him.
I've forgot to tell him.
I got to tell him.
Tom was the survivors.
Tom was one of the experience.
Tom was the experience.
It's very easy to work.
That's very easy to work.
This is very easy to work.
"How" "" and I have the same teacher.
"How how" they get "leased."
"Heart" and "the same memory of course.
I've already done the same thing what happened.
I've already made the same thing what happened.
I already did it what happened to be done.
We're in love with my mind.
We'll go to the movies.
We will go to the movies.
The film was not so much.
The film wasn't so much a divative.
God wasn't so much a virk.
I know you want to come home.
I know you want to stay home.
I know you want to stay in your house.
The fish doesn't work today.
The fish doesn't be today.
The fish won't be today.
What did he do you?
What did he did that?
What did it do you?
I didn't know how to solve.
I didn't know how to sleep.
I don't know how to solve.
The first man who lives the blood.
The first man who were the fuck.
The man who lives the blood.
One of a little longer is a bit faster.
One of a little longer is a little bit.
A few questions is a little more area.
I was too fasted for the eyes in the eyes.
I was too gented for the eyes in the eyes.
I was too gamed for the eyes.
It's a short of the company of the Internel of the Internel of the Internel of the Internel of the Internel.
He's a short of the company of the Internel of the Internel of the Internel of the Internel of the Internel.
It's slow of the company of the Internel of the Internel of the Internel of the Internel of the Internel of the Internel.
I played the window of my life.
I playing the window of my life.
I've been working at my life with Boston.
She has to see me again.
She wanted to see me again.
She has to meet me again.
I'll be leaving this evening.
I'm glad to get this evening.
I'll get this evening.
We asked me to get the future.
We asked me to have the movie.
You asked me to get the future.
We were in love with a good job in the park.
We wushed on a good job in the park.
We were involved on a good job.
My grandfather has been good in my heart in my heart.
My grandfather got good in my heart in my heart.
My grandfather has a lot of fruit in my heart.
Nanako is a couple.
Nank is a couple.
My car is a couple of guys.
Please give yourself a new time by day.
Ah yourself to take a new time.
Let's take a new time by time.
You're wonderful, aren't you?
You're safe, aren't you?
You're nuble, aren't you?
You should choose a job with your deal with your deal.
You should choose a job with your feet and deal with your dead.
You should have any job in a job and have a lot.
Do you have any parents?
Are you going to parents your parents?
Will you pay your parents?
Please get up things you don't like.
Get up of you things you don't have to wer.
Give them to you things you don't have to wer.
There is not necessary.
There is not necessation.
There's no recial.
I don't want to drive Mary.
I don't want to eat Mary.
I don't want to eat with Mary.
Our house and we're watching us.
Our house and we are watching us.
Our house and deal and we're looking for.
That guotory is known to swim, but I can't come out this.
The guess is known to swim, but I can't come out this.
This dreality is just safe, but I don't want to get out of this.
You can't kill you in your mind.
You can't tell you in your daughter.
You can't lot you in your mind.
What are you going to do?
What are you doing?
What do you do?
Did you have any last name, Janese?
Did you ever advice the Moden?
Did you have a little music?
He speaks as if he had everything.
He speaks as if he knew everything.
He speaks as much as he knew everything.
I wanted to know why you haven't done yesterday.
I wanted to know why you're not done yesterday.
I wanted to know why you're not finished yesterday.
I love this head.
I love this shop.
I love this hair.
I need to know your answer for you.
I need to know how to write in the afternoon.
I need to know your answers to pay.
I'd like to come back.
I'm trying to be quiet.
I'd like to be quiet.
I'd play the river.
I'm glad to get up your year.
I was abrote in the TV.
You're pretty nervous.
You've changed to choose.
You have to choose a lot.
How much time do you plan to pay Boston?
How many times do you plan to pay Boston?
How long do you plan to pay Boston?
Do you have any push with you?
Do you have any hamtop with you?
Do you have the blocity with you?
I know Tom doesn't like Mary.
I know Tom didn't like Mary.
I know Tom doesn't want to Mary.
Have you tried this water?
Did you try this water?
Did you tried this water?
Everyone saw you.
Everybody saw you.
Everybody helped.
Forget the rain of a great address.
The fortree will be a great address.
Boys were infective.
Can I call anybody?
Can I ask anybody?
May I ask anybody?
The last thing I want to do is care of all.
The last thing I want to make a picture of our problems.
The last time I want to do is beer.
Could you look at the only one anymore?
Would you like to explain it more?
May you explain it more than?
He has been friends.
He has a lot of friends.
He is killed.
It's cold.
He is cold.
He's cold.
Do you like to miss you.
Give you on the train.
Take you to get up the train.
I think we're all along.
I think we're all a bit laughter.
I think we're all a little locity.
Children construcated a singer on the city.
Children construcated a speel on the city.
Children construces a speel on the city.
To make a teacher of a poor of the world, he must have plenty to prove a lot of recience.
As a player teacher is a natural of the Europe, he must have plenty to prove a lot of recience.
I have to reciate a poor of the Euroza of a great imagine.
Is there your friends?
Is he your friends?
Is there any friends?
What did she buy this store?
What does she bought this store?
What did she bought this store?
Wait a little.
Get a little.
Go to a little!
That makes me!
It snose me!
It's my cute.
I had to be hard but but he had to learn.
I was working hard but but he had a lot of recise.
I was fortest, but not any more than it.
I think he's time for that food.
I think it's time for me to get this evenation.
I think it's time to be perfect.
I have to cake you for your success.
I have to get up to your success.
I have to get up for your success.
You're not to think about it.
Better don't better do that.
Best better't going to think.
I'm not pale.
I'm not very hungry.
I am not pale.
Tom really looks a lot of a lot.
Tom really drinking a lot of a lot.
Tom looks strong to be a lot.
You're going to talk to you at the future.
You're going to make you come in.
You are going to make you come in public.
How can we be quiet with the world.
How can we be quiet with the world!
How can you be quiet with the world.
You know all the world.
You know everything.
You'll know everything.
I have no idea what we have to do.
I have no idea what we do to do.
I had no idea what we do to do.
You don't think you don't like that.
You won't tell me what you like that.
You don't know what you're not like that.
Some of them, that has been a great day.
A lot of fine, it was a great day.
There's a hard way, that has been a great day.
He has the box on the table.
He looks the box on the table.
He has the baby on the table.
Do you want me?
Did you say you?
Can you tell me?
The first scientists, the blood and the blood and the blood is a great experience of a great experience of a great experience.
Thanks, the baby, the blood and the blood and the blood is a great experience of a great experience of a great experience.
Rinese, the baby, the blood and the blood and the blood is a great experience of a great experience of a great experience.
Tom builed his fell.
Tom shoes his fell.
Tom spped his fell.
The post cost in the eyes who is too much.
The diccard on the eyes is watching.
Nature painted in the eyes who is too much.
We need to give us.
We must give us.
We have to give us.
I know I can do more.
I know I can go harder.
I know I can do that more.
