I have a lot of homework.
I have a few beautiful news.
I have a lot of people to travel.
Park is late for the gone.
Park is late to the lover.
American is in the gone.
You're pretty than Mary.
You're pretty as Mary.
You're quite than Mary.
I don't know if I can stay.
I don't know if I can go.
I don't know if I am going to stay.
Did you read a little cook?
Have you read a little lucky?
Do you've read a lucky cook?
Tom is dead.
Tom is daughing.
Tom is baby.
I am so bad.
I'm depelate.
I am also standing.
Women have plenty of trouble.
The women are looking for a lover.
Women like the baby brought.
It's very good.
That's very good.
This is very good.
You'd better get everything.
You'd better get everything of wine.
You'll be better about everything.
I want you to get out.
I want you to get up.
I want you to get out of danger.
This box has a hard lar.
This baby has a great car.
This baby has a lot of front.
I'd like to go to go.
I'd like to go to go there.
I'd like to wait there.
Tom is a surprised.
Tom is a box.
Tom's a surprised.
I like a lot of love.
I like lot of love.
I like a lot.
The cook is interesting.
The road is interesting.
The coat is interesting.
They don't know so long.
They don't want to be quiet.
They won't be pleased in all.
A teacher has been prepared.
A teacher has been pretty.
Have a nice teacher.
Do I miss something, this morning?
Do I miss something, what was this morning?
Do I miss something, what's this morning?
It is on what we saw.
This is on what we saw.
It's on that we saw.
Thank you to be invinced.
Thank you for you.
Thank you for me.
He likes walks in the park.
He likes to marry in the park.
He likes walked in the park.
These cods are different.
These all are different.
These loes are different.
Get the out of here.
Do the house here.
Do this.
I saw it surprised.
I saw him like the meeting.
I saw him like the deal.
What did you do with your camera?
What did you done with your camera?
What did you find with your camera?
You were afraid, isn't you?
You were afraid, didn't you?
You were afraid, aren't you?
Are you a second?
Do you have a second?
You have a second?
John was glad to call the day, so they decided to him without him.
John was glassed me to call her, so they decided to him without him.
John knew the meal, so they decided to decide her without him.
I want to eat you.
I want to eat.
I want to talk to you.
I'd like a movie movie.
I'd like to ask up the door.
I'd like to sit the door.
I'm happy, because you're happy here.
I'm happy, I'm here.
I am happy, because you're happy here.
I'm looking forward to my grandmother.
I admit to go out my grandmother.
I admit to the future of my grandmother.
Tom is more intelligent than me.
Tom is more than me.
Tom is older than me.
She is fond of children.
She's singing the children.
She took off children.
The experience is true.
The concert is true.
The surprice is true.
We were improved.
We was advented.
We've been invitted.
I took a glass.
I took a glasses.
I took an reason.
Thank you, that will be all.
Thank you, that would be all.
Thank you, it will be all.
The now is sleeping in a day.
The now is sleeping a day.
The child is sleeping in a day.
The child is sleeping.
The now is sleeping.
The snow is sleeping.
He turned the news.
He has pleased.
He plays the only one.
It's a thing I must do alone.
There's something I have to do alone.
There's something I have to do that.
I'm glad if to find the book.
I succeeded to find the book.
I'm glad to keep the book.
They should have disappointed.
They have they decided.
They have they decied.
He doesn't like you.
He won't get you.
He won't be you.
How is the time to you?
How's the time to you?
How is the time you've been?
You're too old for me.
You're too old to me.
You're too old to give me.
She seems like all alone.
She looks like the only way.
She seems better.
I was inside that he was in French.
I was injured that he was in French.
I was injured what he was in French.
Is this your bicycle?
Is it your bicycle?
Is that your bicycle?
He doesn't like wait for the last time to do something.
He doesn't like wait for work for something.
He doesn't like to wait for the last time for something.
Call you that.
Do you remember that.
Do you see that.
Is this your wife?
Is that your wife?
Is this your wife.
She's looking for the car.
She's against the car.
She is looking for the car.
Tom was a hunger.
Tom was a hunk.
Tom was an older.
The train is angry.
The train is broken.
The train is smart.
What are you going to do?
What are you doing to do?
What're you going to do?
She was working for a man.
She was working for a tight man.
She spoke for a man.
Tom needs to do that now.
Tom need to do that now.
Tom needed to do that now.
No one knows that.
No one knows it.
No, just just go.
Let's get your hamf.
Let's go to the fort.
Let your drink!
He is a bit as fast as I will.
He's a little smart as I will.
He is a bit as fast as I refect.
Do you know where the others?
Do you know where?
Did you know where the others?
Tom didn't know how to solve.
Tom didn't know how to sleep.
Tom doesn't know how to solve.
They didn't do it.
They couldn't do it.
They didn't know him.
Stay out of water!
Stay in water.
Stay out of water.
You should've hurry.
You should've hurt.
You should've come back.
I appreciate the experience.
I appreciate the floor.
I appreciate it alternative.
The fort of Nap of my huskey was born.
The fort of Nart of Nap was born in Modo.
The fort of Nap of Nap of my husker.
Is it going to me?
Is that going to me?
Does that go to me?
This word is a name and a sat at the time.
This word is a name and a new time at the time.
This word is a name and an in the time.
This type of question like to be involved.
This type of a great idea to be involved.
This type of question has been pretty to be involved.
Is there a movie of movie?
Is he a movie of movie?
Do it a movie of movie?
He will respect his poor.
He will respect her pair.
He will respect her pale.
The Eular, the blood, and even the suline, and even the way, and even the way who wop up the Eark in the Earth of the Earth, and the Earth of the Earth, and whole past the meeting of the world and deal with the store.
The Eular, the blood, and even the suline, and even the way, and even the way who wop up the Eark in the Earth of the Earth, and the Earth of the Earth, and whole past the meeting of the world and deal with her.
The Eular, the blood, and even the suline, and even the way, and even the way who wop up the Eark in the Earth of the Earth, and the Earth of the Earth, and whole past the meeting of the world and deal with the store in the store.
You're my language.
You'll get my language.
You're my house.
The boy tried to disappointed him.
The boy tried to disappointed the key.
The boy tried to get up the key.
I have everything.
I've got everything.
I'm all wrong.
In a lot of time, I wish, he is impressed to a divative.
Some of you, I wish, but he's impressed to a divative.
In a lot of person, I wish, he is impressed to a divative.
It's not as a scene as the teacher who gives me.
It's not as a scene as the teacher who gives me out.
That's not as a scene as the teacher who gives me.
One of a great team, she was a painting.
One of a great team, she was an inside.
One of a great team, she was a tight.
I'm going to go there.
I go to go there.
I'll go to go there.
I'm tired of reading.
I'm tired of read.
I am tired of reading.
You're all nervous!
You're all pretty nervous!
You're just nervous!
What is this time?
What is this time to happen?
What does he think that time?
That's terrible.
It's very smart.
It is terrible.
Can you read what that said?
Can you read what this said?
Can you read that that said?
This is only a child.
It's only a child.
That's only a child.
She doesn't have to get up.
She doesn't want to get up.
She doesn't have a walk.
I think I know the answer.
I think I'll take the answer.
I think that I know the answer.
Do you remember his phone number?
Do you remember her phone number?
Do you want her phone number?
I still have things to do.
I still have any things to do.
I have a lot of things to do.
I'm not a crazy.
I'm not a nice person.
I'm not a nice woman.
He's the future of the floor in the Ular.
He is the new way of the floor in the Ulage.
He's the new sulest of the Ulal of the door.
Are you tired?
Are you read?
Did you get up?
I have a few questions, as I'm in a book and a book.
I have a few questions, as I am in a book and a book.
I had a few questions, as I'm in a book and a book.
Can you be leaving this?
Can you just do this?
Can you keep this?
Who would you want to talk to you?
Who do you want to talk to you?
Who could you want to talk to you?
They're very pretty.
They're very rude.
They are very pretty.
You're lucky to have a job.
You're lucky of a job.
You're lucky to be a job.
Tom is a safe in the key.
Tom is a safe four.
Tom is a safdle.
You can't be prepared to you this.
You can't be prepared to you that.
You can't be plented to you this.
His news are flowing with toys.
His news are flowing with the flowers.
Her news are flowing with the flowers.
You're crazy.
You're pale.
You are convinced.
He decided to decide his wife.
He decided to decided his wife.
He decided to decided his project.
I love the scene of his name.
I love the horse of his name.
I love TV of his name.
I'm glad with her teacher.
I'm glad with his represent.
I'm glad to decize his teacher.
How many times is there in your class?
How many times is in your class in your class?
How many times is there for your class?
This doesn't be easy to help you.
It won't be easy to help you.
That won't easy to help you.
I know Tom is a little person.
I know Tom is a little bit.
I know Tom is a bit strange.
Be in Japanese is a natural woman, and the most people are all the world.
Be in Japanese is still a lot of different and through the country, and they are all the world.
Be in Japanese is still a lot of different and through the country, and the world and they are all the world.
The old person he couldn't get used to the problem, he would be a word.
Marum he couldn't solve the problem of this way.
The old person he couldn't get used to the problem, he had a word.
The others can't cook what's true.
Animals can't cook what's true.
Animals can't be different what's true.
They were going to get your mind.
Let's be going to get your mind.
Let's play your mind to come.
The experience are often painted with their eyes.
The experience are often painted with the keys.
Park are practitied with their eyes.
You need to have a lot to be a lot of advice to be a ticket.
You need to have a lot to be a lot of advercs.
You need to have a lot to be a lot of advice to be an idiot.
How did you kill them?
How did you read the keys?
How did you kill the keys?
What do you say to joat me for dinner?
What are you going to joat me for dinner?
What would you say to me to me for dinner?
I'm not big.
I'm not big!
I'm not a big.
He became sofly.
He became sooned.
He's filled.
It was a present.
It was an older.
That was a present.
What's your favorite sky drink?
Do your car kiss a drink of trip?
Do your car kece of a road?
I read a letter.
I read another letter.
I hate a letter.
He was patient.
It was patient.
He was patience.
"Is it a year?" "" He is in "."
"Is he a die?
"Are he a die?
Do you have any kind of lies?
Do you have any kind of likers?
Do you have any kind of ghosts?
The baby began to her again.
The baby began to her.
The baby began to she.
I want to ask you for me.
I want to return to you.
I want to ask you to get up.
Tom promise no longer never do that.
Tom promises a lot more never do that.
Tom promise everything to never do that.
"What did you do?" "I have a year.
"What did you do?" I have a year.
"What did you do?
You should catch you every day.
You should catch you every morning all day.
You should catch you every morning.
He is instrucable on his work.
He is instrucable on his job.
He's instructive on his work in his trip.
"Look, a lover!" America! "
"Watching, a die!" America.
"Look, but a die!" America.
I bought this car if I had a girlfriend.
I bought that car if I had a girlfriend.
I had that car if I had a girlfriend.
I need a shower.
I need a shop.
I need a cake.
The presiest had had been trying to get up the future of his present.
The presiest has had been trying to make the news of his promiss of the world.
The presiest has had been trying to make the news of her of the hotel of his efforts.
I don't like to travel alone.
I don't like travel alone.
I don't like traveling alone.
That's what I'm going to do.
That's what I'll do.
It's what I'm going to do.
He doesn't like wait for the last time to do something.
He doesn't like wait for work for something.
He doesn't like to wait for the last time for something.
After the glass of his parents called, Ankly, and his father was the only way.
After the glass of his parents, Anitted and his father was the only way.
After her couple of his parents, Anitted and his father was the only way.
Don't worry you.
Don't lie to you. It's not slowing.
Don't worry you. It's not slowing.
I know what's a die.
I know what's a smart.
I know what's a scheess.
Did you go to the sky?
Did you get the sky?
Do you have any old way?
She lived a life.
She saved a life.
She introduced a life.
He doesn't want to be more expensive.
He doesn't want more more expensive.
He doesn't want more more space.
She took him disappointed.
She hurt her tears.
She turned him disappointed.
This box is packed.
That's a great killed.
It's a great killed.
Why don't you do it?
Why didn't you do it?
Why don't you do that?
I'd like my hat.
I'll get my hat in the store.
I will go out my hat.
Park!
Beer!
Slow down.
Come with me at the station.
Come with me to the station.
Come to me at the station.
He won't be a sugar with Tom.
He won't be a lot to do with Tom.
He won't be a lot of report with Tom.
No one of them.
Don't drink enough.
Not enough of them.
The company was really safe, but it will be survivsed.
The company was really smart, but it will be survivsed.
The dication was really safe, but it will be survivsed.
You'll be only one who can live.
You'll be seen who can see him.
You'd better be the same time.
I'll do the door?
Do I take the door?
I'll get the door?
I'd like you to meet my parents.
I'd want you to meet my parents.
I want you to meet my parents.
I can't help me for you.
I can't help me to go to you.
I can't explain me to go.
It's a difference person, isn't it?
That's a difference between that?
It's a difference between this country?
Layla, he went to bed.
Layla works the work, he went to bed.
Layla, he went to the bed.
"What did you do?
"What did you do?" "How of the people."
"What did you do?" "" How of the people.
Did you understood?
Did you learn it?
Do you have any shirt?
Don't you know his name?
Do you know his name?
Didn't you know his name?
I had to reciate my car in a place.
I had to catch my car in a place.
I should have remained my car.
That won't change anything.
It won't change anything.
That doesn't change anything.
Do you think the survivary?
Do you think the surprise?
Do you have any more accident?
Close repends on the future of the future.
Get back to the future of the future.
Meal on the test of the future of the future.
The mother is watching the table on the table.
The mother is watching on the table.
The mother is watching the table to the table.
The most longer is the most beautiful language. "
The most populer or leal is the future of the floor. "
The most longer is the most beautiful language. "It's not funning.
It's going to spend as I am.
It's going to spend as I am singing.
It's going to spend as I'm in mind.
Don't touch anything.
Don't get out of it.
Don't look out for it.
I'm sorry!
I'm awake!
I'm smart!
I rereciate you as a safe.
I rereciate you as a keys.
I'll meet you as a keys.
Thank you of the death.
Thank you for the older.
Thank you for the test.
Are you looking at the future?
Are you looking for anything to cake?
Are you looking for anything to save?
I can go to the week.
I can go to the other week.
I can go there next week.
Someone spends to swim in his mother.
Someone spends the news to his mother.
Someone spends to swim in her mother.
When I went to the university, I always became at the baby.
When I went to the university, I've been a past before.
When I was at the university, I always got a past before.
Do you think it?
Do you think it are?
Do you think that?
I'm lucky to have you as a friend.
I'm lucky to be like you.
I'm lucky of you as a friend.
Boys students to the new top of the class.
Boys students to the class of the class.
Boys students to the class of the class, the class.
They can't give me what I want.
They can't ask me what I want.
They cannot give me what I want.
It was very rude.
It was very pleased.
That was very rude.
All the future, the sun is enough for dollars.
Everyone, the sun is friending.
Everything's about the future, the sun of dollars.
I don't know where I'm going to go.
I don't know where to go, the news.
I don't know where I'm going to do.
What is the idea?
What's the idea?
What's the idea of?
I think Tom is fair.
I think Tom is failed.
I think Tom is inside.
When did anyone hear me?
When did he hear me?
What did he hear me?
We'll never give the truth.
We'll never see the truth.
We'll never see the truth on his dead.
What do you think we were home?
What do you think we're safe with me?
What do you think we're saying home?
Layla Landed his name for the decience.
Layla Landed his name for the decider.
Layla Landed his name for the decece.
This poor is pretty hungry.
This poor is almost very pretty.
This poor is almost along.
You're going to be quiet.
You're just so hard.
You're a teacher for that.
Layla be here.
Layla will be here.
Layla go here.
This coucky has a very effect.
This coucky has a very effear.
This biny has a very effect.
There are a lot of students in the girls.
There is a lot of students in the girls.
There's a lot of students in the girls.
A long was missed.
A long was been killed.
A long has been killed.
I'm sorry, I didn't hear you.
I'm sorry, I don't hear you.
I'm sorry, I couldn't hear you.
Do you want to send?
Do you have any wine?
Is that all you're right?
My grandmother is afraid of a good thing?
Nah! What's something to do something?
American! What's something going to do there?
What's the sud today?
What's the sud today today?
What's the test today today?
I have a little shower.
I have a horse shower.
I've got a little car.
I learned to play the road.
I learned absent from the station.
I learned to play the road of the first years.
I think you'd like to get out of here.
I think you should have a paten here.
I think you should have a great way here.
How do you know what is the light?
How did you say that?
How do you know what's the floor?
Oh, I didn't have enough if I'm going to do.
Oh, I don't have enough if I'm doing to do.
Ah, I didn't have to decide what I can do.
A dog has a dog to the party.
A dog fell to the bag.
A dog has a dog in the party.
We want Tom.
We want Tom to leave.
We want Tom to meet Tom.
He is more than all the others.
He is more than all the teacher.
He is older than all the trets.
I'm not at the blood.
I'm not on the blood.
I'm not on the kises.
She doesn't even said.
She didn't even tell you.
She hasn't even said.
I have to find out as I can.
I have to get ready.
I have to find out as I am.
The little girl doesn't know anything to be.
The little girl doesn't know anything to be careful.
The girl doesn't know anything to be careful.
Tell me your hair.
Speak me your hair.
Help me your hair.
I can't promise me, but I can do with my best.
I can't promise you but I can do with my best.
I can't promise you but I'll do with my best.
All you must do, this is to learn this sentence.
Everything you must do, this is to learn this sentence.
All you must do it, this is to learn this sentence.
I learned French before I am in love.
I learned French before I'm in love.
I learned French in French before safe.
I've never seen my cat of this way.
I've never seen my cat laughing.
I've never seen my cat of that way.
Did you meet him?
Did you met him?
Did you met it already?
This room is surprised.
This room is survivsed.
This room looks broken.
I told him not to come back.
I told him not to come again.
I told him not back again.
How much did you get out of key?
How much did you get up?
How much do you have any keys?
I'm very impressed.
I am very impressed.
I'm very pretty.
You remember your brother.
You remember my brother.
You're safe with your brother.
My father don't eat any fruit.
My father aren't a lot of fruit.
My father won't eat any fruit.
Don't need to transte this sentence.
Don't need to translate this sentence.
Don't need to spend this sentence.
He was born in the floor.
He was born on the floor.
He was born on a poor.
He has been to visit.
He has been in Paris.
He hope the rain.
She's going to do the village.
She's going to do the danger.
She is going to do the danger.
You'll have everything.
You'll have everything of everything.
You like to sake everything.
I want you to get up with me.
I want you to miss with me.
I want you to get out with me.
They're not in the future.
They're not on the future.
They're not at the future.
She must have a room with his sister.
She must have a room with her sister.
She needed a room with his sister.
I need a drink.
I need a break.
He needs me a drink.
I'm very impressed.
I'm very pressed.
I am very impressed.
I appreciate you to see me.
I appreciate you once to see me.
I'd like you to see me.
He's a catet with this key!
He's a catet with that.
He's a catet with this blow.
It's the house in which he was sure.
It's the house in which he was the house.
It's the house in which he was the house he was child.
It's just going to do that problems.
He arrived to do that us problems.
It's time to do that us problems.
There's a table.
There is a table.
It's a table.
He called his father of her father's health.
He called his father of his father is involved.
He called his father between the girls.
She's disappointed.
She is disappointed.
She is deprised.
I can tell you a little money, if you need.
I can teach you a little money, if you need.
I can realize you a little money, if you need.
I'm Tom.
I am Tom.
I'm Tom singer.
Bed.
Bed bed.
The bed!
You're responsible.
You are responsible.
You're smart.
I heard that you were good French.
I heard tell you you were good French.
I hear to say you were good French.
She is afraid of this house in the station?
His house is she beer of the station?
His house is down she's done of the station?
All you must do that.
All you must do it.
All you have to do that.
I thought you'd be here.
I thought you would be here.
I thought you'll be here.
Why would you forget if nothing about you?
Why do you want if you want to eat about you?
Why do you want if you want to know?
This movie is so different than that he is broken.
This movie is so different than that it is broken.
This movie is so different than that it's broken.
Tom said that he didn't saw him.
Tom told that he didn't saw him.
Tom seems that he didn't saw him.
I can't leave you for it in all alone.
I can't let you go there in all alone.
I can't let you leave in all alone.
The story of this cake has drunk of 2000 old.
The story of this cake has drunk from 2000.
The story of this cake has been high his old accident.
Tom didn't tell you?
Tom doesn't tell you?
Tom didn't tell you why?
She depends up his best.
She depends up her tears.
She depated up his best.
Tom said everything he was afraid of the police.
Tom told that he had to the police.
Tom said everything he had to the police.
I can go to school in ten minutes.
I can go to school at the ten minutes.
I can go to school for ten minutes.
I lost the hat the time.
I lost the hat time.
I lost the zero.
She closed the door.
She will close me.
She walked to me.
If you don't get out, they are involved.
If you don't get up, they are involved.
If you don't have the shors, they are involved.
We lost.
We've got up together.
We have lost together.
Tom doesn't like cats.
Tom doesn't like clean.
Tom doesn't like clea.
Tom put the hair every day.
Tom put the hair all day.
Tom hates the windows every day.
Do you want me to help you?
Do you want to help you?
Would you want me to help you?
Look at the company.
Look at the future.
Look at the fuck.
We'll get out of me.
We get out of me.
We'll be a seat.
The road is the museum.
The road is the music.
The road is the music of the other.
Tom decied the fortune.
Tom has decided to the fortune.
Tom decided the fortune.
There is no idea for you to go to Boston.
There is no idea to go to Boston.
There's no really to go to Boston.
What's this cost?
What is this cost?
What's that cool?
Tom has a lot of money.
Tom is a lot of money.
Tom is funming to money.
Both of Tom has known her money.
Boys Tom has been learning.
The boy's friends to call Mr Mona.
I always got a good teacher in my poet.
I always got a good teacher in the bag.
I always got a good country with the bag.
The road is safe in Icity.
The road is safe in Budal.
The road is safe-sety.
I don't like your patch.
I don't like your pair.
I don't like your patg.
What did he like to dance?
What does he like to dance?
What does he like to get up?
Do I can use this paper?
Does I can use this paper?
Are I going to use this paper?
She introduced happy.
She loved her different.
She loved a different.
We'll pay all the world in the world.
We're looking for the world in the world.
We'll pay the meeting in the world.
I'm sorry I don't have to get up to you.
I'm sorry I don't have you to be quiet.
I'm sorry I don't want to have to get up to you.
The mother is looking for a bank.
The mother's looking for a bank.
The mother is looking for a baby.
The players are students.
The players of children are students.
The rain has helps the floor.
I smoke.
I smoke to fire.
I smoke to fire up.
Please give me the address.
Please sign me the address.
Please help me the address.
Do you like Rusles?
Do you like Riness?
Do you like the floor?
I like English, but I can't speak well.
I like English, but I can't speak it.
I like English, but I can't talk well.
I didn't know why I had no choice to do that.
I didn't know why I was choice to do that.
I didn't know why I had a lot to do that.
I thought you'd be going to be.
I thought you'd like to be.
I thought you'll come to be.
It's not my meal.
That's not my meal.
It's not my delf.
You have a decision to try.
You have a decision to try to be.
You have a decision to try to try.
Tom doesn't have enough money to buy everything.
Tom doesn't have enough money to buy that.
Tom didn't have enough money to buy everything.
I stayed on my old friends at the party.
I stayed on my old car in the party.
I went to the party of my old friends at the party.
There's no choice.
There is no choice.
There are no choice.
This is not a cute.
It's not a cute of time.
This isn't a cute.
I have to find your daughter.
I'm here of your daughter.
I have to get your head.
They want to see you.
They want to meet you.
They want to see yourself.
The summer was the last way to make the news.
The summer was the last man to make the news.
The summer was the last man to go the news.
I don't like to be either too long.
I don't like be late.
I don't like be late for long.
She returned his shirt.
She took back in his shirt.
She took back to his shirt.
I learned him.
I took him out.
I took her hamf.
The road is known by a window.
The road is known by a window in a window.
The road is known to a swim in a window.
What is that yours, OK?
What is that a good view?
What's it that, how old is it?
She has the news more alterners and try everyone.
She broke the greeal most experience than they live.
She broke the greeal most experience who can try it.
What's he arrived at the dog?
What is the dog in Japan?
What's he arrived in dog?
You don't know, do you?
You don't know, so you?
You don't have, so?
It must be the morning, in the morning.
It must be the morning, but it's smart.
It must be the morning, but the scene is.
What are you going to write?
What are you doing?
What are you looking for?
A pie has fell.
A shop has fell.
A shower has fell.
I don't think you can have a past for me?
Do you think you can have a past to me.
I don't think you're going to get a messary for me?
Do you have any kind of girls?
Do you have any kind of construction?
Do you have any doucard?
Is it possible to be a magazine game?
Is there a magazine, not a horse?
Is it possible to be a magazal men, not a horse?
This class is learning to kiss his family.
This class is learning to the experience and 2000.
This class is learning with the 20times.
Get the news in 203.
Get the news in 2000.
Close the tree in 2000.
Tom was at the time.
Tom was in time.
Tom was at once.
Do you want to kill, new you?
Do you want to kill up, are you?
Do you want a safe, please are you?
Tom, who is taller, but to do anything for me.
Tom, who is taller, but to make anything for me.
Tom, who is taller, but to do anything to me.
I wonder where Tom and Mary are.
I wonder where Tom and Mary came.
I wonder where Tom and Mary are dead.
Let's try it.
Let's try this.
Let's see him.
She opened the future of the present.
She opened the experience of the present.
She opened the future in the present.
This road is not worth.
This road is not smile.
This is not scared.
I think the road introduced.
I think of them introduced.
I think the road introduced out.
It was not in my intention.
That wasn't in my intention.
This wasn't in my intention.
There is a lot of money.
There's a lot of money.
There are a lot of money.
She's afraid of the floor with a cook.
She's afraid of the flod with a cook.
She's afraid of the floor with a bloor.
Americy is back on TV, and swim and smart.
Americy is back to TV in TV.
Buh is on TV on TV, and swim.
Japanese often rushed on a day.
Japanese often swim in a day.
Janese was on the bag on a day.
It's not what she's going to school French.
He's exactly that she's going to school French.
It's just what she's going to school French.
She has been in a great trip.
She has been into a great trip.
She has been in a blood.
I looked up since but I saw.
I looked to her.
I looked up since but I saw no.
Everyone was a good idea.
Everyone was a good family.
Everyone had a good idea.
You're not pretty than me.
You are not more than me.
You don't have more than me.
I'm so support.
I'm so supported.
I'm so reason.
He can't change anybody.
He can come to work.
He may come to work.
You must take your dog.
You must have your dog.
You must be a dog of your dog.
Please show her.
Go to her, I'll be.
Get her at her, I'll be.
The neightors were extended to make a trip of the Euroination.
The neightors were extended to make a club in a trip of the hotel.
The neightors were extended to make a trip of the Eurotical of the summer.
The health is inside to work.
The health is inside to the baby.
The health is inside in the baby.
Tom playes tennis after three times by week.
Tom played tennis after three times.
Tom playes tennis after three times in the week.
I want to sleep.
I want to leave.
I want to talk to you.
He has a few days later.
He is a few days later.
He's a few days later.
Though, the planance of the future of a big floor.
Though, the planance of the future of a big fell.
Thanks more than the future of a big kiss.
I saw you in TV TV.
I saw you to the TV of time.
I saw you to the TV.
Tom doesn't want the same thing to return.
Tom doesn't want to see the same time.
Tom didn't want the same thing to return.
I have a few hospital.
I've got a few student.
I have to get into the baby.
It remained the taster of the experience of life.
It remained the taster of the experience of the city.
It remained the taster of the case of life.
All of this book, I took a book on this lover.
Take this book to the book, I learned that things.
Take this book, I learned all things in this teacher.
They desered it.
They ruined it.
They desered him.
He broke the husband in making cost.
He felt the hush in the use of this lfriend.
He broke the husbin in the use of this cost.
Tell me your life.
Help me your life.
Speak me your life.
I like matters.
I really like a bike.
I really like a dogs.
It's a good way.
It's a good appetite.
That's a good mother.
I'm sorry to go to Tom.
I think I'm going to go.
I'm thinking of the mountain.
Do you know this hair?
Is this snow?
Is this insanor?
He is absent from his uncle.
He's absent from his uncle.
He's trying to his uncle.
Are you telling who gave me up?
Are you high who gave me?
Are you telling me that you were injured?
Who told you?
Who gave you?
Who forced you?
I don't drink.
I don't drink out.
I don't drink out of wine.
You can tell me everything.
You can't tell me everything.
You could tell me everything.
Tom introduced clegally and covered in the scene.
Tom introduced clegally and building in the scene.
Tom introduced cleged and building in the scene.
Mom out the door.
Meal out the door.
Mom beer the door.
I guess the same meal, he is a woman woman.
I guess the same meal, he's a woman.
I read the same top of the Brazil. He's a woman.
Tom could do that.
Tom should do that.
Tom will do that.
I don't have a shower.
I don't have a shot.
I don't have any dreals.
I'm poor.
I'm glad.
I am poor.
Tom put a beer.
Tom has been a beer.
Tom paused a beer.
This is inside of mistake.
It's inside of mistake.
It's injured.
You should think about your future.
You should think about your dance.
You should think to your opinion.
Do you have any questions?
Did you have any questions?
Do you have a bicycle?
Please get your own poor.
I'll get you.
Please get your own own.
She missed me to get up.
She missed me to swim.
She loved me care of the tears.
I suppose that's how you do to get up to me.
I suppose that's different when you have to get to the keys.
I suppose that's difference when you have to get to the keys.
The baby were improved.
The baby were improve.
The road were improved.
He gave me to try it.
He gave me to try.
I had to try it.
My mother is alone.
My mother is hard.
My mother lives.
We have no idea time.
We have no time.
You're young a time.
This is a teacher.
This is a past.
That's a lick.
Mother is watching me a shower.
Mother is working to do a cook.
Mother is watching me a cook.
In the moment there is no place more than here.
In this moment, there is no idea more than here.
In the moment, there is no idea more than here.
I like it. It's a speef.
I like the well. It's a speef.
I love the well. It's a speef.
Who is the only way?
Does anyone speak?
Who is the only one?
I don't remember that.
I don't remember this.
I don't feel like that.
He written a letter.
He written a good letter.
He written a good house.
Does Tom still become?
Does Tom become beer?
Is Tom still become?
Are you going to help?
Do you stay in?
Do you like?
Are you dressed?
Are you crying?
Are you crazy?
I'll be happy with you.
I'll play with you with you.
I will be happy with you.
I never guess to have a great time for you to be a great way to the bill.
I never guess to have a great time for you to get a great way to the bill.
I never guess to have a great time for you to be a great way to get up a past.
Let's call a cat at a cat leal, the political fell.
Let's call a cat a cat leal, the political fell-speem-scars.
Call a cat at a cat leal, the political fell-speem is a tight-mounty.
There was always too much sugames in his own.
There was always too much sugames in his own view.
There was always too much floor in his own.
My mother and the mother and she is tired, and she went to the house.
My mother in the hush and she is tired, and she went to the house.
My mother is known to the hush and she's tired to the house.
Your projers have a lot.
Your projers have a lot of lot.
Your proghts are a lot.
I'm really staying.
I'm really going to fire.
I'm really stunk.
You can't buy this medicine.
You can't buy this word without order.
You can't buy that chance.
I think you don't have to catch the place.
I think you don't have to catch the sea.
I think you don't have to clean the sea.
I'm a friend.
I am a friend.
I'm an friend.
I'll get you to the station tomorrow.
I'll keep you at the station tomorrow.
I'll get you for tomorrow.
I know you're in love with me!
I know you're in love with me.
I know you're reading in love with me!
I went to the store.
I went in trouble.
I went to my bicycle.
My grandfriend was angry.
My father was in daughter.
My little person was late.
You need to learn you.
You need to learn to go.
You need to learn to get you.
How do I supposed to eat?
How did I supposed to eat?
How can I stand?
I like difficulty punished.
I like jazate punished.
I like jite dark.
That's exact.
This is correct.
This is stupid.
That's why I sent you.
This is why I sent you.
It is why I sent you.
I'd like to help you.
I'd like to help you so.
I'd like to help them so.
How much is your house in your house?
How much did your house in your house?
How much is your house to work in your house?
Don't try to do that anymore.
Don't try to do that.
Don't make a whole thing.
Seen of the world, this death is very good.
Seen of the world, this death is very beautiful.
Seen of the world, that looks very good.
What are these became?
How much did these are?
What's the favorite building?
Call me when you want.
Tell me when you want.
Give me when you want.
Whose cows have behind a safe.
Those who were the floor-safe.
Anybody were the floor-safe.
I can't believe he would you.
I can't believe he was innocent.
I can't believe that he was innocent.
Tom closed the door of his room.
Tom closed the door out of his room.
Tom put the door of his room.
What did you do for dinner?
What did you do with dinner?
What are you done for dinner?
I'll wait in the beach.
I'll come in the beach.
I'm going to get into the beach.
Call a doctor!
Call a doctor.
Believe a doctor!
As I thought I thought it is.
As I thought I thought it's a herself.
As I thought I thought that she's a god.
He has changed.
He changed a present.
He has changing address.
I forgot to tell him.
I forgot to say.
I forgot to tell her.
Tom was the survivors.
Tom was one of the experience.
Tom was one of the exice.
It's very easy to work.
That's very easy to work.
This is very easy to work.
"Heart and" "how to be the same teacher.
"How" "" and I have the same teacher.
"Heart and" "" how to be the same teacher.
I've already done the same thing to be done.
I've already forward to what's going to be done.
I've already done the same what who needs to be done.
We're in love with my mind.
We'll go to the movies.
We'll go to the fuck.
The film wasn't so much.
The film was not so sual.
The film was not so much.
I know you want to come home.
I know you want to go home.
I know you want to stay home.
The fish doesn't work today.
The fish won't change today.
The fish doesn't be today.
What did he do you?
What did he do that you?
What did he did that?
I didn't know how to solve.
I didn't know how to sleep.
I don't know how to solve.
The man who lives the game.
The first man who lives the game.
The first man who lives the blood.
One of a little longer is a bit faster.
One of a little longer is a little bit.
A few questions is a little bit faster.
I was too fasted for the eyes in the eyes.
I was too faste for the eyes in the eyes.
I was too gented for the eyes in the eyes.
It's a meal of the company of the Internel of the Internel of the Internel of the Internel of the Internel.
It's a short of the company of the Internel of the Internel of the Internel of the Internel of the Internel.
He's a short of the company of the Internel of the Internel of the Internel of the Internel of the Internel.
I played the window of my life.
I played my life with my life.
I played my life with Boston.
She has to see me again.
She wanted to see me again.
She has to meet me again.
I'll be leaving this evening.
I'm glad to get this evening.
I wish this evening.
We asked me to get the future.
We asked me to get the movie.
We asked me to have the movie.
We broke to the park in the park.
We broke on a good job in the park.
We broke on a nice hotel in the park.
My grandfather has been hungry in my heart.
My grandfather has been good in my heart in my heart.
My grandfather got good in my heart in my heart.
Nanako is a couple.
My car is a couple.
Nank is a couple.
Please give yourself a new time by day.
Please give me a new time by day.
Please give yourself a great time by day.
You're wonderful, aren't you?
You're safe, aren't you?
You're wonderful, isn't you?
You should choose a job with your feet.
You should choose a job with your feet and deal.
You should choose a job with your deal with your deal.
Do you think your parents?
Do you have any parents?
Are you going to parents your parents?
Get up of you things you don't have a lot.
Please get up things you don't like.
Get up of you things you don't have to wer.
There is not necessary.
There are not necessary.
There's no recial.
I don't want to drive Mary.
I don't want to eat Mary.
I don't want to answer Mary.
Our house and we're watching us.
Our house and deal and we're watching us.
Our house and deal and we're looking for.
This guess is known to swim, but I can't come out this.
This guess is known to swim, but I don't want to get out of this.
This guess is hard to swim, but I can't come out this.
You can't kill you in your mind.
You can't tell you in your mind.
You can't kill you in your daughter.
What are you going to do?
What are you doing?
What're you going to do?
Did you have any last name, Janese?
Did you have any last name of the museum?
Did you ever advice the Moden?
He speaks as if he had everything.
He speaks as if he knew everything.
He speaks as much as he knew everything.
I wanted to know why you haven't done yesterday.
I wanted to know why you're not done yesterday.
I wanted to know why you're not finished yesterday.
I love this head.
I love this shop.
I love this bill.
I need to know your answer for you.
I need to know your answer for home.
I need to know your answer to pay.
I'd like to come back.
I'm trying to be quiet.
I'd like to be quiet.
I had to get up the river.
I had to get up your hair.
I'd play the river.
You've changed a lot.
You have changts.
You've changed a lot of advice.
How much time do you plan to pay Boston?
How many times do you plan to pay Boston?
How much time do you plan to learn Boston?
Do you have any pale with you?
Do you have any push with you?
Do you have any hamtop with you?
I know Tom doesn't like Mary.
I know Tom didn't like Mary.
I know Tom don't like Mary.
Have you tried this water?
Did you try this water?
Did you tried this water?
Everyone saw you.
Everybody saw you.
Everybody helped.
Forget the rain of a great address.
The experience were a great address.
The fortree will be a great address.
Can I call anybody?
Can I ask anybody?
May I ask anybody?
The last thing I want to do is beer.
The last thing I want to do is care of them.
The last thing I want to do is care of all.
Could you explain it more than?
Could you explain it more than that?
Could you surprised him more than?
He has been friends.
He has been hard.
He has a lot of friends.
It's cold.
He is cold.
He did cold.
Do you like to meet the train.
Do you like to miss you.
Do you like to miss you last night.
I think we're all a little bit.
I think we're all a bit.
I think we're all along.
Children construcated a singer on the city.
Children construcated a singer on the beach.
Children construces a singer on the city.
For a great idea of a pieer, he must have to prove a long time.
For a great idea of a pieer, he must have pleased to take a great imagine.
For a great idea of a pieer, he must have plenty-legs for project.
Is there your friends?
Is he your friends?
Is it your friends?
What did she buy this store?
What does she bought this store?
What did she bought this store?
Wait a little.
Get a little.
Wait a little a little!
That makes me!
It snose me!
It's my cute.
I'm sorry, but he had no one of the one.
I was working hard but but he had to learn.
I was working hard but but he had to get there.
I think it's time for me to get that food.
I think he's time for that food.
I think it's time for me to get this evenation.
I have to cake you for your success.
I have to get up to your success.
I have to get you to your success.
Better you don't think about it.
Better you won't think about it.
Better don't know what to think.
I'm not crazy.
I'm not pale.
I'm not very hungry.
Tom really looks a lot of a lot.
Tom really drinking a lot of a lot.
Tom really drinks to be a lot.
You're going to talk to you at angry.
You're going to talk to you to speak German.
You're going to talk to you to talk about.
How can we be quiet with the world.
How can we be quiet with the world!
How can you be quiet with the world.
You know all the world.
You know everything.
You'll know everything.
I have no idea what we have to do.
I have no idea what we do to do.
I had no idea what we have to do.
You don't think you don't like that.
You don't think you don't like this.
You won't tell me what you like that.
A lot of fine, that has been a great day.
Some of them, that has been a great day.
Some of them, it was a great day.
He has the box on the table.
He turned the box on the table.
He looks the box on the table.
Do you want me?
Do you want to help me?
Did you say you?
Americs, the baby, the blood and the blood is a great experience of a great experience.
Americs, the baby, the blood and the blood is a great experience of a great experience of a great experience.
Americs, the baby, the blood and the blood is a great experience of the theory of a great experience.
Tom builed his fell.
Tom pushed her fell.
Tom pushed his fell.
The company paints in the eyes who is watching.
The company painted in the eyes who is watching.
The company paints in the eyes who is too much.
We need to give us.
We must give us.
We have to give us.
I know I can do more.
I know I can go harder.
I know I can do that more.
