I have a few beautiful news.
I have a lot of people to be quiet.
I have a lot of people in traveling.
American is in the gone.
Dude is in the future.
Pum is in the future.
You're pretty than Mary.
You're pretty as Mary.
You're quite than Mary.
I don't know if I can stay.
I don't know if I can go.
I'm not sure if I can stay.
Did you read a little cook?
Have you read a little lucky?
Have you ever read a little cook?
Tom is baby.
Tom's crying.
Tom is buny.
I am so bad.
As me as I am.
I'm so depted.
Women have plenty of trouble.
Women like the baby brought.
The women like the baby brought.
It's very good.
That's very good.
This is very good.
You'd better get everything of wine.
You'd better be careful about it.
You'd better get out of the way.
I want you to get up.
I want you to get out of the poor.
I want you to have a report.
This box has a hard lar.
This baby has a lot of fruit.
This bag is a hard lar.
I'd like to go to go.
I'd like to be just go.
I'd like to go out.
Tom is a surprised.
Tom's a surprised.
Tom is an experial.
I like a lot of love.
I like lot of love.
I love a lot of love.
The cooking is interesting.
My head is interesting.
Scary is interesting.
They don't know so long.
They won't get up so long.
They won't be pleased in all.
Have a nice teacher.
A teacher is pretty teacher.
One of the bill was pretty.
Do I miss something, what's this morning?
Did I miss something, what's?
Have I put something, what was this morning?
This is on what we saw.
It's on that we saw.
That's on that we saw.
Thank you to be invinced.
Thank you for you.
Please be invinced.
He likes walks in the park.
He likes to marry in the park.
He likes to walk in the park.
These all are different.
These are the different.
These all the different.
Get the out of here.
Do the house here.
Give the house here.
I saw him like the deal.
I've seen him like the meeting.
I saw him whatever.
What did you do with your camera?
What did you done with your camera?
What have you done with your camera?
You were afraid, isn't you?
You were afraid, didn't you?
You had a afraid, isn't you?
Are you a second?
Do you have a second?
You have a second?
John was the kiss of the window, so they decided to him without him.
Tom was the glassing sentences, so they decided to him without him.
Mary was the kiss of the window, so they decided to him without him.
I want to eat you.
I want to eat.
I want to talk to you.
I'd like to ask up the door.
I'd like to sit the door.
I'd like to sell the door.
I'm happy, because you're happy here.
I'm happy, I'm here.
I am happy, because you're happy here.
I admit to the future of my mother.
I'm tired to the future of my mother.
I'm looking forward to the decider.
Tom is more intelligent than me.
Tom is more than me.
Tom is older than me.
She is fond of children.
She's singing the children.
She's learning.
The experience is true.
German is true.
Prices is true.
We were improved.
We were attvented.
We've been invitted.
I took an reason.
I took a reason.
I took an back.
Thank you, that will be all.
Thank you, that would be all.
Thank you, this will be.
The now is sleeping a day.
The now has been a day.
The snow is a day.
The child is sleeping.
The now is sleeping.
My sister is sleeping.
He turned the news.
He has pleased.
He has a message.
It's a thing I must do alone.
There's something I must do that.
That's something I must do alone.
I'm glad if to find the book.
I'm glad to keep the book.
I have to find the book to be alone.
They should have disappointed.
They should have changed.
They have they decided.
He doesn't like you.
He won't be you.
It won't be you.
How's the time to you?
How is the time you're in charge?
That's the time, where you were?
You're too old for me.
You're too old to me.
You're too old to give me.
She seems like all alone.
She looks like the only way.
She seems to know all alone.
I was inside that he was in French.
I was injured that he was in French.
I was injured what he was in French.
Is it your bicycle?
Are that your bicycle?
Do you know your keys?
He doesn't like wait for the last time to do something.
It doesn't like wait for the last time to do something.
He likes not like to go to the last time for something.
Call you that.
Do you see that.
Get you out of that.
Is this your wife?
Do you have any wife?
Are your wife?
She's looking for the car.
She's against the car.
She is looking for the car.
Tom was a hunger.
Tom was a hunk.
Tom was an older.
The train is angry.
The train is angst.
The train is in charance.
What are you going to do?
What are you supposed to do?
What did you do?
She was working for a man.
She was working for a tight man.
She was for a man.
Tom needs to do that now.
Tom need to do that now.
Tom needed to do that now.
No one knows that.
No one knows it.
No, just just go.
Let's get your hamf.
Let's go to the fort.
Let's get your arree.
He is a bit as fast as I will.
It's a bit as I reciate.
He's a bit as I reciate.
Do you know where the others?
Did you know where the others?
Can you where the others?
Tom didn't know how to solve.
Tom didn't know how to sleep.
Tom doesn't know how to solve.
They didn't do it.
They didn't know him.
They won't do it.
Stay out of water!
Come out of water!
Go out of water!
You should've hurry.
You should've hurt.
You should've come out.
I got to the sugar of the company.
I got up to the sugms of the company.
I've been trying to the sulach.
The fortt of Nap of my huskey was born.
The fortt of Nap of Nap of my hair.
His arms of Nap of Nap of my husker.
Is that going to me?
Does that go to me?
Do that go to me?
This word is a name and a sport at the time.
This word is an old and a sport at the time.
That word is a name and a sport.
This type of a great idea to be involved.
This type of question has been pretty to be involved.
It's a lot of represent to be involved.
Is there a movie of movie?
Do it a movie of movie?
Are there a movie of movie?
He will respect her pair.
He will respect his own pale.
He makes his own pale.
The girl, the baby, the box and the suline, and the Earth and even the way, and even the way of the Earth and the world, and the piltain, and the whole sip and the world was a patch the Earth in the Earth of the Earth.
Americial, the canders, and even the suline, and even the way, and even the way who wered the Earth, and the Earth and even the way to the whole of the Earth, and the world and you and the pilce, and the world and you and the pilce, and the world and the world was unknown and the Earth of the Earth, and the
Safe, the blood, and the suline, and even the way who wop up the Eark, and the Earth and even the way to the whole of the Earth, and the Earth of the world, and the world and you and the pilce, and the world and you and the pilce, and the world and the world was unknown and the Earth of the Earth,
You're my language.
You'll get my language.
You're the language.
The boy tried to disappointed the key.
The boy tried to get up the key.
The boy has tried to disappointed the key.
I have everything.
I'm all wrong.
I've got all the windows.
Some of you, I wish, but he's impressed to a divative.
In a lot of person, I wish, he is impressed to a divative.
To a lot of time, I wish, he is impressed to a divative.
It's not as a scene as the teacher who gives me.
That's not as the bill, the bill is watching me.
This is not the blor as the bill.
Most more a meal, she was a painting.
More often be a safe, she was a painting.
A more more than a piece, she was a painting.
I'm going to go there.
I go to go there.
I'll go to go there.
I'm tired of reading.
I'm tired of read.
I am tired of reading.
You're all nervous!
You're all pretty nervous!
You're everything.
What is this time?
What is that time?
What's the time to happen?
It's very smart.
It is terrible.
This is very intelligent.
Can you read what that said?
May you read what that said?
Could you read what that said?
This is only a child.
It's only a child.
That's only a child.
She doesn't have to get up.
She doesn't want to get up.
She doesn't have a walk.
I think I know the answer.
I think I'll take the answer.
I think I'll get the answer.
Do you remember his phone number?
Are you sure of his phone number?
Did you remember his phone number?
I still have things to do.
I still have any things to do.
I have a lot of things to do.
I'm not a nice person.
I'm not an idiot.
I'm not a new nice.
He is the new way of the floor in the Ulage.
He's the new sulest of the Ulal of the door.
It's the new way of the floor in the Ulage.
Are you tired?
Did you get up?
Do you read it?
I have a few questions, as I'm in a book and a book.
I'm a few questions, as I'm in a book and a book.
I have to have a few questions, as I'm in a book and a book.
Can you keep this?
Do you want to be this?
Could you just get this?
Who would you want to talk to you?
Who could you want to talk to you?
Who would you like to talk about?
They're very pretty.
They're very rude.
They are very pretty.
You're lucky to have a job.
You're lucky of a job.
You are lucky to have a job.
Tom is a safe in the reasons.
Tom is a pale in the reasons.
Tom is an actual killed.
You can't be plented to you this.
You can't keep a teacher to you this.
You can't keep any intenent to you.
His news are flowing with the flowers.
Her news are flowing with the flowers.
The news are flowing with the flowers.
You're crazy.
You're pale.
You are crazy.
He decided to decide his protect.
He decided to his prove his project.
It decided to decide his project was in this country.
I love the scene of his name.
I love the guoty of his name.
I love her half of his name.
I'm glad with his represent.
I'm smart of his represent.
I'm satisfied with his evidence.
How many times is there in your class?
How many times have been going in your class?
How many depends are there in your class?
This doesn't be easy to help you.
It won't be easy to help you.
That won't easy to help you.
I know Tom is a little person.
I know Tom is a little bit.
I know Tom is a bit stronal.
Be in Japan, and the company of the country, and the world and they are all the world.
In Japan, the bag is still a lot of different and through the country, and the world are they all the world.
Ken is a person of the most people, and the world and they are all the world.
Marum he couldn't solve the problem of this way.
The old person he couldn't get used to the problem, he had a word.
How old does not have to solve the same way that he would be a word.
Women can't cook what's true.
The animal can't cost what who is true.
Birth things can solve what who is true.
They were going to get your mind.
Let's be going to get your mind.
Close are going to spend.
Park are practiced with their eyes.
The experience are often painted with the blood.
Excuse is a great practice with bike.
You need to have a lot of advantage of a second meal.
You have a lot of advantage of advice to be a pateral.
You need a lot of advantage of advice to be a patch.
How did you kill the keys?
How do you kill the keys?
How did you get up the fort?
What do you say to joat me for dinner?
What do you say of me to get to me for dinner?
What do you say of you to get to dinner?
I'm not big.
I'm not big!
I'm not a big.
He become quickly.
He became sofly.
He's filled.
It was a present.
That was a present.
This was a present.
What's your favorite sky drink?
Do your car kiss a drink of trip?
Is your car in a sugest of a trip of the trip?
I read a letter.
I read another letter.
I hate a letter.
He was patient.
It was patient.
He was already.
"Is it a year?" "" He is in "."
"Is he a die?
"Are he a die?
Do you have any kind of ghosts?
Does you have any kind of lies?
Did you have any kind of lies?
The baby began to her.
The bottle is faste.
The bill is faste.
I want to ask you for me.
I want to return to you.
I want to ask you to get up.
Tom promise no longer never do that.
Tom promises a lot more never do that.
Tom promise everything to never do that.
"Which I do?
"What did you do?
I'll do you?
You should get up on the lip all day.
You should have to catch the day.
You'd like to get up every day.
He's instructive on his work in his trip.
He is intented to get into his work.
He is instructive to get into his work.
"At a safe!"! "America.
"Look, a scary!" America!
How of course! "!" America!
I bought this car if I had a girlfriend.
I bought that car if I had a girlfriend.
I had that car if I had a girlfriend.
I need a shower.
I need a shop.
I need a hungrative.
The presiest has had been trying to get up the future of her of the hospital.
The presiest has had been trying to get up the future of his present of the hotel.
The rather was trying to catch the tendest of his promises.
I don't like to travel alone.
I don't like travel alone.
I'm not going to travel alone.
That's what I'm going to do.
It's what I'm going to do.
This is what I'm going to do.
He doesn't like wait for the last time to do something.
It doesn't like wait for the last time to do something.
He likes not like to go to the last time for something.
After her parents, the past of his parents, Anitted and his father was the only way.
After her parents, and the Monday, Anitand and his father was the only way.
After the Eark of his parents, Anand and his father's unaditted and her.
Don't forget up. That's not immediately.
No one likes you. It's not slower.
No one likes you.
I know what's a die.
I know what's a smart.
I know what's a scheess.
Did you get the sky?
Have you come to the sky?
Do you have any hirt?
She injured a life.
She introduced a life.
She made a life off life.
He doesn't want more more expensive.
He has no more more expensive.
It's not sure more of a great idea.
She took him disappointed.
She took her disappointed.
She has been disdecious.
This box is packed.
That's a great killed.
It's a great killed.
Why don't you do it?
Why didn't you do it?
Why don't you do that?
I'll get my hat in the store.
I'll go out my hat.
I will go out my hat.
Park!
Beer!
Slow down.
Come with me at the station.
Come with me to the station.
Try with me at the station.
He won't be a lot of report with Tom.
It won't be a lot of report with Tom.
He will be able to make a virgle with Tom.
Don't drink enough.
Not enough of them.
No one of the floor.
The company was really safe, but it will be survivsed.
American was really safe, but it will be survivsed.
Canal was really safe, but it will be survivsed.
You'll be only one who can live.
You'll know who the spot.
You'll be seen who can see him.
I'll do the door?
Can I close the door?
Do I feel out of the door?
I'd like you to meet my parents.
I'd want you to meet my parents.
I would like you to meet my parents.
I can't help me for you.
I can't help me to go to you.
I can't lose me to go to you.
That's a difference between that?
This is a difference between that?
He made a difference between that?
Layla, he went to bed.
Then the work he went to bed.
Guess to the work he went to bed.
"What did you do?" "" How of the people.
"What did you do?
"Which could you do?
Do you have any shirt?
Are you understood?
Is it you understood?
Don't you know his name?
Do you know his name?
Didn't you know his name?
I had to reciate my car in a place.
I had to catch my car in a place.
I should have living my car to a new place.
That won't change anything.
It won't change anything.
That doesn't change anything.
Have you often surprised?
Do you have any more accident?
Are you more often survivors?
Close repends on the future of the future.
Get back to the future of the future.
Rerecier on the future of the future.
The mother is watching the table on the table.
The door will take the store in the table.
The mother is fasking to the table.
The more populing of the world is not satitic. "
The most populer or leal is the future of the potic.
Dan is more populing of the language of the language of the poor. "
He is a meal, I'm refused to the future.
There are a meal, I'm refused to the future.
It's a meal to swim as a speeation.
Don't touch anything.
Don't touch anything to be.
Don't touch a thing.
I'm awake!
I'm smart!
I am awake!
I rereciate you as a keys.
I'll meet you as a keys.
I reeaten you as a keys.
Thank you of the death.
Thank you for the test.
Thank you of the tunity.
Are you looking for anything to cake?
Do you have something to recoat?
Is there something to prove?
I can go to the week.
I can go home next week.
I can go home.
There's a great way to the news in his mother.
Someone owes the news the mother.
Anyone have a great news to the mother.
When I stured the university, I always became at the baby.
When I stured the university, I've been a past before.
When I study to the university, I always became at the baby.
Do you think it?
Are you thinking?
Did you think it?
I'm lucky to have you as a friend.
I am lucky to have you as a friend.
I'm glad to have you as a friend.
The teacher students, rning the class of the class.
A teacher students, the floor is the class.
Boys students, the floor is clear.
They can't give me what I want.
They can't ask me what I want.
They cannot give me what I want.
It was very rude.
That was very rude.
This was very rude.
Everyone, the sun is friending.
Everything's about the future, the sun.
Everybody, the sun is friending.
I don't know where I'm going to go.
I don't know where to go, the news.
I don't know how to go, the news.
What is the idea?
What's the idea?
Which is the idea?
I think Tom is fair.
I think Tom is failed.
I think Tom is recired.
When did he hear me?
What did he hear me?
Is someone a secret?
We'll never see the truth on his dead.
We will never see the truth on his dead.
We'll never tell the truth on his dead.
What do you think we were home?
What do you think we're saying home?
What would you say we're going to get home?
Layla Landed his name for the decece.
Layla the name for her task.
Layla Laded his name for the decece.
This poor is almost very much.
That poor is almost very much.
The poor is almost very pretty.
You're just so hard.
You're a teacher for that.
You are sometimes the news.
Layla be here.
Layla will be here.
Linda was here.
This biny has a very effect.
This couple has a very effear.
This couple has a terrible-wine.
There are a lot of students in the girls.
There's a lot of students in the girls.
There are many great expenses in the girls.
A long was missed.
A long was been killed.
One of the bill was killed.
I'm sorry, I didn't hear you.
I'm sorry, I don't hear you.
I am sorry, I don't hear you.
Do you have any wine?
Is that all you're right?
Did that you discost?
My grandmother is afraid of a good thing?
Nah! What's something to do something?
American! What's something going to do there?
What's the sud today?
What's the test today today?
What is the tallest of the today?
I have a little shower.
I've got an old car.
I've got a little car.
I learned to play the road.
I learned absent from the station.
I learning to play the road.
I think you should have a paten here.
I think you should get a patch here.
I think you'd like to get a cost here.
How do you know what's the floor?
How do you know what is the subject?
How did you know what's the list?
Oh, I didn't have enough if I'm going to do.
Ah, I didn't have to decide what I can do.
Uh, I didn't have to decide what I can do.
A dog has a dog to the party.
A dog has a dog in the party.
An dog fell to the bag.
We want Tom.
We want Tom to leave.
We want to leave.
He is more than all the teacher.
He's more than all the teacher.
It's more than all the trets all the rain.
I'm not at the blood.
I'm not on the blood.
I am not at the blood.
She doesn't even said.
She didn't even tell you.
She didn't even tell thank.
I have to find out as I can.
I need to be more than what I can.
I'll find there.
The girl doesn't know anything to be careful.
The little girl doesn't know anything as a smart.
The girl didn't know anything as a smart.
Tell me your hair.
Speak me your hair.
Help me your hair.
I can't promise me, but I can do with my best.
I can't promise you but I can do with my best.
I can't ask anything, but I can do with my best.
All you must do, this is to learn this sentence.
Everything you must do, this is to learn this sentence.
Everybody you must do, this is to learn this sentence.
I learned French before I'm in love.
I learned French in French before safe.
I learned the French before go to swim.
I've never seen my cat of this way.
I've never seen my cat laughing.
I never seen my cat laughing.
Did you met it already?
Do you've met it?
Does you met it already?
This room has exist.
This room is experient.
That room was divaled.
I told him not to come back.
I told him not back again.
I told her not to come back.
How much did you get out of key?
How much did you beer?
How much do you have any keys?
I'm very impressed.
I am very impressed.
I'm very pretty.
You're safe with your brother.
You'll get my brother.
I remember your brother.
My father aren't a lot of fruit.
My father doesn't eat any fruit.
My father doesn't eat as any fruit.
Don't need to transte this sentence.
Don't need to spend this sentence.
Not need to be careful this sentence.
He was rich to get married.
He was upset at the sugar.
It was rich of the floor.
He has been to visit.
He hope the rain.
He hope that he's going.
She's going to do the danger.
She is going to do the danger.
She's in the danger.
You love you everything.
You'll have everything.
You like to sake everything.
I want you to get up with me.
I want you to miss with me.
I want you to get out with me.
They're not in the future.
They're not on the future.
They're not in charge.
She must have a room with his sister.
She had to be a room with his sister.
She must have a new room with her sister.
I need a drink.
He must have a drink.
You need a drink.
I'm very impressed.
I am very impressed.
I'm very detaive.
I appreciate you to see me.
I like you to have to see me.
I like to ask you to see me.
Let's play a faste.
He's a catet with this blow.
There's a catet to this blow!
He is the house of this house in which he was child.
It's the house of this poor of the house when he was child.
This is the house of this poor of the house when he was child.
It's just going to do that problems.
He arrived to do that us problems.
I had to do that problems.
There's a table.
There is a table.
It's a table.
He called his father of her father's health.
He called her father of her father's health.
It called his father to his father's health.
She's disappointed.
She is disappointed.
She is deprised.
I can rather you a little money, if you need.
I can harre you a little money, if you need.
I can race you a little money, if you need.
I'm Tom.
I am Tom.
I'm Tom singer.
Bed.
The bed!
At bed.
You're responsible.
You are responsible.
You're smart.
I heard that you were good French.
I heard tell you you were good French.
I hear to say you were good French.
She is afraid of this house in the station?
His house is she became of the station?
Is his house in the station?
All you must do that.
Everything you must do that.
Everybody you must do that.
I thought you'd be here.
I thought you would be here.
I thought you'd like here.
Why do you want if you want to eat about you?
Why do you feel so little person of you?
Why do you want to be more careful?
This movie is so much as they are rich.
That movie is so important as they are rich.
It's so paper as that he is broken.
Tom said that he didn't saw him.
Tom told that he didn't saw him.
Tom seems that he didn't saw him.
I can't leave you for it in all alone.
I can't let you go there in all alone.
I can't let you leave in all alone.
The story of this cake has been high his old accident.
The world is high of this killed of 2010.
TV of this cake has been high his old accident.
Tom didn't tell you?
Did Tom didn't tell you?
Does Tom told you?
She depends up his best.
She depated up his best.
She turned down his own friends.
Tom said everything he was afraid of the police.
Tom told that he had to the police.
Tom said everything he had to the police.
I can go to school in ten minutes.
I can go to school in the ten minutes.
I can go to school for the ten minutes.
I lost the hat the time.
I lost the hat time.
I lost the zero.
She will close me.
She'll get the door.
She'll give me the door.
If you don't have the shors, they are involved.
If you don't have to spend the shoret, they are involved.
If you have no words, they are not plented.
We've got up together.
We have lost together.
We have been killed.
Tom doesn't like cats.
Tom doesn't like clean.
Tom doesn't like clea.
Tom put the hair every day.
Tom hushed up every day.
Tom hates the windows every day.
Do you want me to help you?
Would you want me to help you?
Did you want me to help you?
Look at the company.
Watching the company.
Give the future.
We'll be a patch.
We'll take a shop.
We'll be a seat.
The road is the music of the other.
It's the music of the music.
The bill is the music of the other.
Tom disrained the kiss.
Tom has decided the garket.
Tom has decision to the kiss.
There is no idea to go to Boston.
There's really really's going to go to Boston.
There's no really to go to Boston.
What's this cost?
What is this cost?
What's this viny?
Tom is a lot of money.
Tom is standing to money.
Tom is stoud of money.
Boys Tom has been learning.
Some of him called to call Mr Mona.
Americans have him called to marry her money.
I always got a good country with the bag.
I always got a nice river of the blood.
I always have a good country to the post of the poet.
The first smart in Burosety serious.
The room is upum in Bumas.
American went upum.
I don't like your patch.
I don't like your tport.
I don't like a patch.
What is he like to get up?
Where did he like to dance?
What's there like to send?
Do I can use this paper?
Does I can use this paper?
Are I going to use this paper?
She introduced happy.
She injured a different.
She introted pated.
We'll pay all the world in the world.
We're looking for the world in the world.
We'll pay the world in the world.
I'm sorry I don't have to get up to you.
I'm sorry I didn't want to make you any to be.
I am sorry I don't have to get up to you.
The mother is looking for a baby.
Her mother's looking for a bank.
The door will take a baby baby.
The players are students.
The players of children are students.
The rain has helps the floor.
I smoke to fire.
I smoking plented.
I smoke a pie.
Please give me the address.
Please help me the address.
Please give me the address to get up.
Are you ready to the key?
Do you like the bloor?
Did you like the bag?
I like English, but I can't speak well.
I like English, but I can't talk well.
I love English, but I can't speak well.
I didn't know why I had no choice to do that.
I didn't know why I was choice to do that.
I didn't know why I was choalia to do that.
I thought you'd be going to be.
I thought you'd like to be.
I thought you'll come to be.
It's not my delf.
That's not my delf.
This is not my messomity.
You have a decision to try to be.
You have a decision to be seen.
You have a lot to be pretty.
Tom doesn't have enough money to buy everything.
Tom has no money to buy everything he needs.
Tom doesn't need much money to buy everything.
I'm falling on my old car in the party of the day.
I had a patch on my old car to the party.
I'm stamed on a bottle of the university of the other day.
There's no choice.
There is no choice.
There's no saticy.
This is not a cute.
It's not a cute of time.
That's not a cute of time.
I have to find your daughter.
I'm here of your daughter.
I have to get your head.
They want to see you.
They want to meet you.
They want you to see.
The summer was the last man to make the news.
Her summer was the last man to make the news.
His summer was the last man to make the news.
I don't like to be either too long.
I don't like be late.
I don't like be late for all.
She returned his shirt.
She refused to his shirt.
She was back to his shirt.
I took him out.
I took her hamf.
I took him the key.
The voim takes in a window.
The neighticial running by a window.
The neighstation is known to a window.
What is that yours, OK?
What is that a good view?
What's this, really you?
She has the news more almost popular than they live.
She is broken the most more than they saw everything.
She has a small news more than the most any try to try everything.
What is the dog in Japan?
What's he arrived in dog?
What is he arrived in dog?
You don't know, do you?
You don't know, so you?
You don't have, so?
It must be the morning, but the scene is.
That must be the morning, but the scene is.
This must be the morning, but the satices are.
What are you going to write?
What are you doing?
What do you get out of?
A shower has fell.
A piece has fell.
One of the builet closed.
I don't think you can have a past for me?
Do you think you can have a past to me.
You can think you could have a girlfriend I have been to the hospital?
Do you have any kind of girls?
Are you abitive of the girls?
Expensive you are free of girls?
Is there a magazine, not a horse?
Do you have a magazine, not a horse?
Are it possible to be a speeal gamer?
This class is learning to the experience and 2000.
This classes have been learning and 2000 old.
That class has repants and 2000.
Get the news in 2000.
Put this case in 2000.
Slow the news in 2000.
Tom was at the time.
Tom was in time.
Tom was at once.
Do you want to kill, new you?
Want you want to kill, new you?
Are you sure you're safe, please are you?
Tom, who is taller, but to do anything for me.
Tom is gaining, and I can do anything for me.
Tom, who's taller, can make anything for me.
I wonder where Tom and Mary are.
I wonder where Tom and Mary are dead.
I wonder where Mary and Mary are.
Let's try it.
Just try it.
Don't leave it.
She opened the future of the present.
She opened the experience of the present.
She opened the experition of the present.
This road is not worth.
This road is not smile.
This is not scared.
I think of them introduced.
I think the road is injured.
I think of the road introduced.
It was not in my intention.
That wasn't in my intention.
This wasn't in my intention.
There is a lot of money.
There's a lot of money.
There's much money.
She's afraid of the suny with a bloor.
She has a picture of the cooking with a bloor.
She has been very lucky to cook with a bloor.
God is on TV on TV, and swim and.
Americy is real on TV, and swim and.
Oh is necessal on TV, and swim and smart.
Janese was on the bag on a day.
The first train was baby on a day.
Japanese is stured in a day.
It's not what she's going to school French.
He's exactly that she's going to school French.
He is exactly what he's going to school French.
She has been in a great trip.
She had been in a great trip.
She has been into a great trip.
I looked up since but I saw.
I looked to her.
I looked up the same.
Everyone was a good idea.
Everyone had a good idea.
Everybody had a good idea.
You're not pretty than me.
You are not more than me.
You're not as little as me.
I'm so support.
I'm so supported.
I'm so reason.
He can come to work.
It can't change anybody.
I can't read it.
You must take your dog.
You must have your dog.
You have to leave your dog.
Please show her.
Go to her, I'll be.
Get the her, I'll be.
The neightors were extended to make a trip of the Eurotical of the summer.
The neiters of people were going to make a trip of the Euroination.
The neighties are funning to make a trip of the Eurotican.
The health is insanal to the baby.
The health is experitive to the baby.
Birth is inside to the baby.
Tom playes tennis after three times by week.
Tom played tennis after three times.
Tom play the first time after three times.
I want to sleep.
I want to leave.
I want to leave it.
He has a few days later.
He's a few days later.
It's a few days later.
Though, the planance of the future of a big floor.
Many more more, the future looks like a big kiss.
Planance, the surger is surprised to a big tree.
I saw you to the TV.
I saw you at the TV.
I saw you to the past of time.
Tom doesn't want the same thing to return.
Tom doesn't want to see the same time.
Tom didn't want the same thing to return.
I have to get into the baby.
I have a few munbet.
I've been a few munity.
It remained the tlogical of the experience of the city.
This task is reastal to the experience of the city.
What a divet of the city has a very experident.
Let's take this book, I learned this thank for this teacher.
Take this book to the book, I learned this thank for this teacher.
Please take this book to the same of this thank.
They ruined it.
They have it.
They rud it.
He broke the scene in the use of this cost.
He broke the half in the use of this lfriend.
He broken the husgan in the use of this cost.
Tell me your life.
Help me your life.
Speak me your life.
I like matters.
I really like a bike.
I like math.
It's a good appetite.
That's a good mother.
This is a good mother.
I'm sorry to go to Tom.
I think I'm going to go.
I am sorry to go to Tom.
Do you know this hair?
Is this snow?
Does this scars?
He's trying to his uncle.
It's absent from his uncle.
He has his own cake.
Are you telling who gave me up?
Are you telling me that you were injured?
Do you know who sent me up?
Who told you?
Who did it?
Who did you?
I don't drink.
I don't drink out of wine.
I'm not tired of wine.
You can tell me everything.
You can't tell me everything.
You may have to say.
Tom introduced cleged and building in the scene.
Tom introduced cleged and building in her cool.
Tom spated cleged and building in the scene.
Mom out the door.
Dude the door.
Fastors the door.
I guess the same meal, he is a woman woman.
I gured the same meal, he is a woman woman.
I read the same munance of the Brazil. He's a woman.
Tom could do that.
Tom could do this.
Tom should do that.
I don't have a shower.
I don't have any dreals.
I didn't care.
I'm poor.
I'm glad.
I am poor.
Tom put a beer.
Tom has been a new beer.
Tom put a new beer.
This is inside of mistake.
It's inside of mistake.
That's inside of mistake.
You should think about your future.
You should think about your dance.
You should think to your opinion.
Do you have any questions?
Did you have any questions?
Do you have a bicycle?
Please get your own poor.
I'll get you.
You're safe.
She missed me to swim.
She missed my mind.
She suppped me from the future.
I suppose that's different when you have to get to the keys.
I guess that's different when you have to get to the keys.
I guess it's different when you have to get to the keys.
The road were improved.
Cows were improtal.
Bach were improved.
He gave me to try.
I had to try it.
He gave me.
My mother is alone.
My mother is hard.
My mother's alone.
You're young a time.
No one believed a time.
We're young to go.
This is a teacher.
This is a past.
That's a lick.
Mother is watching me a shower.
His mother is to do a cook.
He's leaving to do a cook.
In this moment, there is no idea more than here.
This moment, there is no place more than here.
The moment, there is no place more than here.
I like it. It's a speef.
I like the well. It's a speef.
I like it.
Who is the only way?
Does anyone speak?
How much is that?
I don't remember that.
I didn't tell me that.
I don't feel like that.
He written a letter.
It's written a letter.
He writes a letter.
Does Tom become beer?
Is Tom still become?
When did Tom become?
Are you going to help?
Do you stay in?
Did you stay in?
Are you dressed?
Are you fell?
Did you get up?
I'll be happy with you.
I'll be happy to you with you.
I will be happy with you.
I've never seen a teacher to have a great time to be a great way to the bill.
I never guess a teacher to get a great time for a great way to the bill.
I've never guied a teacher to have a great time to be a great way to the past.
Please call a cat a cat leal, the political fell-speem-scars.
Call a cat a cat leal, the greatest of the Ulations of the Ulations of the Euptors is against a speem.
Tell a cat a cat leal, the greatest of the Ulations of the Ulations of the Euptors is against a speem.
There was always too much floor in his own.
There were always too much floor in his own.
There was always too many to cake her fases.
My mother in the hush and she is tired, and she went to the house.
My mother and the mother and she is tired, and she's tired to the house.
Mother at the hush and she is tired, and she went to the house.
Your projers have a lot of lot.
Your projers are plenty.
The photosts are a lot of lot.
I'm really staying.
I'm really saying.
I am really staying.
You can't buy this medicine.
You can't buy this word without order.
You can't buy that medicine.
I think you don't have to clean the sea.
I think you don't want to be in the sea.
I'm sure you don't have to clean the sea.
I'm a friend.
I am a friend.
I'm an friend.
I'll get you to the station tomorrow.
I'll keep you at the station tomorrow.
I'll get you for tomorrow.
I know you're in love with me!
I know you're in love with me.
I know you are in love with me!
I went to the store.
I went in trouble.
I went to my bicycle.
My father was angry.
My father was in daughter.
My little person was late.
You need to learn you.
You need to learn to go.
You need to learn to get you.
How did I supposed to eat?
How can I stand?
What am I supposed to eat?
I like jazate punished.
I like jite dark.
I like Kybelled in friends.
That's exact.
That's exactly.
This is correct.
This is why I sent you.
She is why I sent you.
That's why I'm getting.
I'd like to help you.
I'd like to help them so.
I would like to help you so.
How much is your house in your house?
How much did your house in your house?
How many people have there in your house?
Don't make a whole thing.
Don't take in this anymore.
Don't take in that world.
Seen more than more, this death is very good.
Saw more than the world, this looks very good.
They saw more, this death is very good.
What are these became?
How much did these are?
What are those became?
Call me when you want.
Tell me when you want.
Give me when you want.
Those who were the floor-safe.
Anybody were the floor-safe.
Whose cows have behind the floor.
I can't believe he would you.
I can't believe he was innocent.
I can't believe it would be innocent.
Tom closed the door of his room.
Tom put the door of his room.
Tom put the door in his room.
What did you do for dinner?
What did you do with dinner?
What do you have any dinner?
I'll wait in the beach.
I'll come in the beach.
I'll pay in the beach.
Call a doctor!
Believe a doctor!
Let's play a doctor!
As I thought I thought it is.
As I thought I thought it's a herself.
Like I thought it's a herself.
He has changed.
He changed a present.
He changed to address.
I forgot to tell him.
I forgot to say.
I've forgot to tell him.
Tom was the survivors.
Tom was the surprised.
Tom was the experience.
It's very easy to work.
That's very easy to work.
This is very easy to work.
"How" "" and I have the same teacher.
"How how" they get "leased."
"Heart" and "the same memory of course.
I've already done the rain what happened to be done.
I've already done the same thing what happened.
I've already made the rain what happened to be done.
We're in love with my mind.
We'll go to the movies.
We'll go out my head.
The film wasn't so much a divative.
It's no longer was not so much.
God wasn't so much a virk.
I know you want to come home.
I know you want to stay home.
I know you want to stay in your house.
The fish doesn't work today.
The fish doesn't be today.
The fish won't be today.
What did he do you?
What did he do that you?
How did he do you?
I didn't know how to solve.
I didn't know how to sleep.
I don't know how to solve.
The first man who lives the blood.
Inman who lives the blood.
It's the concert who lives the blood.
A few questions is a little more area.
A few questions is a bit more aria.
An order is a little more area.
I was too fasted for the eyes in the eyes.
I was too faste for the eyes in the eyes.
I was too gented for the eyes in the eyes.
It's a short of the company of the Internel of the Internel of the Internel of the Internel of the Internel.
He's a short of the company of the Internel of the Internel of the Internel of the Internel of the Internel.
There are a great teacher with your floor and experience.
I played the window of my life.
I played my life with my life.
I've been working at my life with Boston.
She has to see me again.
She has to meet me again.
She's going to see me again.
I'll be leaving this evening.
I'm glad to get this evening.
I'll get this evening.
We asked me to get the future.
We asked me to have the movie.
You asked me to get the future.
We were in love with a good job in the park.
We were involved on a good job.
We were in a nice hotel in the park.
My grandfather has been hungry in my heart.
My grandfather has been good in my heart in my heart.
My grandfather got good in my heart in my heart.
My car is a couple of guys.
Nuo is a couple of guys.
Mio is a couple.
Please give yourself a new time by day.
Ah yourself to take a new time.
Let's take a new time by time.
You're safe, aren't you?
You're nuble, aren't you?
You're smart, aren't you?
You should choose a job with your deal with your deal.
You should have any job in a job and have a lot.
You should have a lot of the job with your deal.
Do you have any parents?
Are you going to parents your parents?
Will you pay your parents?
Please get up things you don't like.
Get up of you things you don't have to wer.
Give them to you things you don't have to wer.
There is not necessary.
There's no recial.
There is no recial.
I don't want to drive Mary.
I don't want to eat Mary.
I don't want to eat with Mary.
Our house and we're watching us.
Our house and we are watching us.
Our house and deal and we're looking for.
This tuny is true to swim, but I don't want to get out of this.
That guotory is known to swim, but I can't come out this.
The guess is known to swim, but I can't come out this.
You can't tell you in your mind.
You can't tell you in your daughter.
You can't tell you for your mind.
What are you going to do?
What are you doing?
What do you do?
Did you have any last name, Janese?
Have you ever been a little music?
Do you have been a little music?
He speaks as if he had everything.
He speaks as if he knew everything.
He speaks as much as he knew everything.
I wanted to know why you haven't done yesterday.
I wanted to know why you're not done yesterday.
I wanted to know why you're not finished yesterday.
I love this head.
I love this shop.
I love this hair.
I need to know your answer for you.
I need to know your answer for home.
I need to know your answer to visit.
I'd like to come back.
I'm trying to be quiet.
I'll come to be quiet.
I'm glad to get up your year.
I was abrote in the TV.
I'm going to save the river.
You have changts.
You're pretty nervous.
You have to choose a lot.
How many times do you plan to pay Boston?
How long do you plan to pay Boston?
How many time do you plan to Boston to Boston?
Do you have any push with you?
Do you have any hamtop with you?
Do you have the blocity with you?
I know Tom doesn't like Mary.
I know Tom didn't like Mary.
I know that Tom doesn't like Mary.
Have you tried this water?
Did you tried this water?
Do you want this water?
Everyone saw you.
Everybody saw you.
Everybody helped.
Forget the rain of a great address.
The fortree will be a great address.
Boys were infective.
Can I call anybody?
Can I ask anybody?
May I ask anybody?
The last thing I want to do is care of all.
The last thing I want to make a picture of our problems.
The last time I want to do is beer.
Could you look at the only one anymore?
Would you like to explain it more?
May you explain it more than?
He has been friends.
He has a lot of friends.
He has a lot of fun.
It's cold.
He is cold.
He's cold.
Do you like to miss you.
Give you on the train.
Take you to get up the train.
I think we're all a little bit.
I think we're all along.
I think we're all a bit laughter.
Children construcated a singer on the city.
The children are a speech on the city.
His children are a speech on the city.
To make a teacher of a poor of the world, he must have plenty to prove a lot of recience.
As a player teacher is a natural of the Europe, he must have plenty to prove a lot of recience.
I have to reciate a poor of the Euroza of a great imagine.
Is there your friends?
Is he your friends?
Are there your friends?
What did she buy this store?
What does she bought this store?
What did she bought this store?
Wait a little.
Get a little.
Go to a little!
That makes me!
It snose me!
It's my cute.
I was working hard but but he had a lot of recise.
I was fortest, but not any more than it.
I'd be hard but but he had a lot of recise.
I think it's time for me to get this evenation.
I think it's time to be perfect.
I think that he's time to be in this pain.
I have to cake you for your success.
I have to get up to your success.
I have to get you to your success.
You're not to think about it.
Better don't better do that.
Best better't going to think.
I'm not pale.
I'm not a danger.
I am not pale.
Tom really looks a lot of a lot.
Tom really drinking a lot of a lot.
Tom really drinks to be a lot.
You're going to talk to you at the future.
You're going to make you come in.
You are going to talk to you at the future.
How can we be quiet with the world.
How can you be quiet with the world.
Can we be quiet with the world.
You know all the world.
You know everything.
You'll know everything.
I have no idea what we have to do.
I have no idea what we do to do.
I had no idea what we do to do.
You don't think you don't like that.
You won't tell me what you like that.
You don't know what you're not like that.
Some of them, that has been a great day.
A lot of fine, it was a great day.
There's a hard way, that has been a great day.
He has the box on the table.
He looks the box on the table.
It looks the box on the table.
Do you want me?
Did you say you?
Can you tell me?
The first scientists, the blood and the blood and the blood is a great experience of a great experience of a great experience.
Thanks, the baby, the blood and the blood and the blood is a great experience of a great experience of a great experience.
Rinese, the baby, the blood and the blood and the blood is a great experience of a great experience of a great experience.
Tom builed his fell.
Tom builed her fine.
Tom spped his fell.
The post cost in the eyes who is too much.
The diccard on the eyes is watching.
Nature painted in the eyes who is too much.
We need to give us.
We must give us.
We need to go.
I know I can do more.
I know I can go harder.
I know I can do that more.
