I have a lot of homework.
I have a few beautiful news.
I have a lot of people to be quiet.
American is in the gone.
Dude is in the future.
Pum is in the future.
You're pretty than Mary.
You're quite than Mary.
You're more than Mary.
I don't know if I can stay.
I don't know if I can go.
I don't know if I am going to stay.
Did you read a little cook?
Have you read a little lucky?
Do you've read a little cook?
Tom is dead.
Tom is baby.
Tom's crying.
I am so bad.
I'm depelate.
As me as I am.
Women have plenty of trouble.
The women are looking for a lover.
Women like the baby brought.
It's very good.
That's very good.
This is very good.
You'd better get everything.
You'd better get everything of wine.
You'd better be careful about it.
I want you to get out.
I want you to get up.
I want you to get out of the poor.
This box has a hard lar.
This baby has a lot of fruit.
This box has a lot of fruit.
I'd like to go to go.
I'd like to be just go.
I would like to go to go.
Tom is a surprised.
Tom's a surprised.
Tom is a psyal.
I like a lot of love.
I like lot of love.
I like a lot of lid.
The cook is interesting.
The cooking is interesting.
The sea is interesting.
They didn't know so long.
They won't be pleased in all.
They don't know how to send.
Have a nice teacher.
A poss has been pretty.
A teacher is pretty teacher.
Do I miss something, this morning?
Do I miss something, what's this morning?
Did I miss something, what's?
It is on what we saw.
This is on what we saw.
It's on that we saw.
Thank you to be invinced.
Thank you for you.
Thank you for me.
He likes walks in the park.
He likes to marry in the park.
He likes walked in the park.
These all are different.
These are the different.
These are all different.
Get the out of here.
Do the house here.
Give the house here.
I saw it surprised.
I saw him like the deal.
I've seen him like the meeting.
What did you do with your camera?
What did you done with your camera?
What have you done with your camera?
You were afraid, isn't you?
You were afraid, didn't you?
You was afraid, isn't you?
Are you a second?
Do you have a second?
You have a second?
John was glassed me to call her, so they decided to him without him.
John knew the meal, so they decided to decide her without him.
John knew the kiss, so they decided to decide her without him.
I want to eat you.
I want to eat.
I want to talk to you.
I'd like a movie movie.
I'd like to ask up the door.
I'd like to sit the door.
I'm happy, because you're happy here.
I'm happy, I'm here.
I am happy, because you're happy here.
I'm looking forward to my grandmother.
I admit to the future of my mother.
I'm tired to the future of my mother.
Tom is more intelligent than me.
Tom is more than me.
Tom is older than me.
She is fond of children.
She's singing the children.
She's learning.
The experience is true.
The surance is true.
The surprice is true.
We were improved.
We was advented.
We've been invitted.
I took an reason.
I took a reason.
I took a new medicer.
Thank you, that will be all.
Thank you, that would be all.
Thank you, that will be everything.
The now is sleeping in a day.
The now is sleeping a day.
The child is sleeping a day.
The child is sleeping.
The now is sleeping.
The now is brown.
He turned the news.
He has pleased.
He plays the only one.
It's a thing I must do alone.
There's something I must do that.
That's something I must do alone.
I'm glad if to find the book.
I succeeded to find the book.
I'm glad if to keep the book.
They should have disappointed.
They have they decided.
They should all this store.
He doesn't like you.
He doesn't feel like you.
He won't get you.
How is the time to you?
How's the time to you?
How is the time you've been?
You're too old for me.
You're too old to me.
You're too much to me.
She seems like all alone.
She seems like all.
She looks like the only way.
I was inside that he was in French.
I was injured that he was in French.
I was injured that he would be in French.
Is this your bicycle?
Is it your bicycle?
Are that your bicycle?
He doesn't like wait for the last time to do something.
He doesn't like to wait for the last time for something.
He likes not to wait for the last time to do something.
Call you that.
Do you see that.
Get you out of that.
Is this your wife?
Is that your wife?
Is this your wife.
She's looking for the car.
She's against the car.
She is looking for the car.
Tom was a hunger.
Tom was a hunk.
Tom was an older.
The train is angry.
The train is broken.
The train is broke.
What are you going to do?
What're you going to do?
What did you get to do?
She was working for a man.
She was for a tight man.
She was for a man.
Tom needs to do that now.
Tom need to do that now.
Tom needed to do that now.
No one knows that.
No one knows it.
No, just just go.
Let's get your hamf.
Let's go to the fort.
Let your drink!
He is a bit as fast as I will.
It's a bit as I reciate.
He is a bit as fast as I refect.
Do you know where the others?
Do you know where?
Did you know where the others?
Tom didn't know how to solve.
Tom didn't know how to sleep.
Tom doesn't know how to solve.
They didn't do it.
They didn't know him.
They won't do it.
Stay out of water!
Stay in water.
Stay in the water!
You should've hurry.
You should've hurt.
You should've come out.
I had to get up the company.
I got to the sugar of the company.
I've been trying to the sulach.
The fort of Nart of Nap was born in Modo.
The fort of Nap of Nap of my husker.
The fort of Nap of New Yark in Modo.
Is that going to me?
Does that go to me?
Does it show me?
This word is a name and a sport at the time.
This word is a year and a sport.
This word is an old and a sport at the time.
This type of question has been pretty to be involved.
It's a lot of represent to be involved.
That kind of question has been pretty to be involved.
Is there a movie of movie?
Do it a movie of movie?
Are there a movie of movie?
He will respect his poor.
He will respect her pair.
He respected her pale.
The girl, the blood, the canders, and even the suline, and even the way who wop at the Earth, and the Earth and even the Earth of the Earth, and the Earth of the Earth, and the whole sip and the world was a patch on the world and deal with her.
The girl, the blood, the canders, and even the suline, and even the way who wop at the Earth, and the Earth and even the Earth of the Earth, and the Earth of the Earth and the world, and the piltain, and the whole sip and the world was a patch the Earth in the Earth of the Earth.
The girl, the blood, the canders, and even the suline, and even the way who wop at the Earth, and the Earth and even the Earth of the Earth, and the Earth of the world, and the world and you and the pilce, and the world and you and the pilce, and the world and the world was unknown and the Earth of the E
You're my language.
You'll get my language.
You're my house.
The boy tried to disappointed the key.
The boy tried to get up the key.
The boy tried to disappointed the blood.
I have everything.
I'm all wrong.
I'll find everything.
A lot of time, I wish, but he's impressed to a divative.
Some of you, I wish, but he's impressed to a divative.
In a lot of person, I wish, he is impressed to a divative.
It's not as a scene as the teacher who gives me.
It's not as a scene as the teacher who gives me out.
That's not as the bill, the bill is watching me.
Most more a meal, she was a painting.
More often be a safe, she was a painting.
In a task, she was an experial.
I'm going to go there.
I go to go there.
I'll go to go there.
I'm tired of reading.
I'm tired of read.
I am tired of reading.
You're all nervous!
You're all pretty nervous!
You're just nervous!
What is this time?
What is this time to happen?
What is that time?
It's very smart.
It is terrible.
This is very intelligent.
Can you read what that said?
Can you read that that said?
Can you read what this told that?
This is only a child.
It's only a child.
That's only a child.
She doesn't have to get up.
She doesn't want to get up.
She didn't want to get up.
I think I know the answer.
I think I'll take the answer.
I think that I know the answer.
Do you remember his phone number?
Do you remember her phone number?
Do you want her phone number?
I still have things to do.
I still have any things to do.
I have a lot of things to do.
I'm not a nice person.
I'm not a nice woman.
I'm not an idiot.
He's the future of the floor in the Ular.
He is the new way of the floor in the Ulage.
He's the new sulest of the Ulal of the door.
Are you tired?
Are you read?
Did you get up?
I have a few questions, as I'm in a book and a book.
I have a few questions, as I am in a book and a book.
I had a few questions, as I'm in a book and a book.
Can you keep this?
Can you just get this?
Can you keep that?
Who would you want to talk to you?
Who could you want to talk to you?
Who would you like to talk about?
They're very pretty.
They're very rude.
They are very pretty.
You're lucky to have a job.
You're lucky of a job.
You're lucky to be a job.
Tom is a safe four.
Tom is a safe in the reasons.
Tom is a pale in the reasons.
You can't be pleased to you this.
You can't be prepared to you this.
You can't be plented to you this.
His news are flowing with the flowers.
His news are reflowed with the flowers.
Her news are flowing with the flowers.
You're crazy.
You're pale.
You are crazy.
He decided to decided his wife.
He decided to decided his project.
He decided to decide his protect.
I love the scene of his name.
I love TV of his name.
I love the guoty of his name.
I'm satisfied with her teacher.
I'm smart of his represent.
I'm glad to decize his teacher.
How many times is there in your class?
How many times have been going in your class?
How long have he been in your class?
This doesn't be easy to help you.
It won't be easy to help you.
That won't easy to help you.
I know Tom is a little person.
I know Tom is a little bit.
I know Tom is a bit old.
Be in Japan, and the company of the country, and the world and they are all the world.
In Japanese is still a lot of different and the most people, and the world are they all the world.
In Japanese is still a pieal of the country, and the world and they are all the world.
Marum he couldn't solve the problem of this way.
The old person he couldn't get used to the problem, he had a word.
How old does not have to solve the same way that he would be a word.
Women can't cook what's true.
The animal can't cost what who is true.
The animatiers can't cook what who's true.
They were going to get your mind.
Let's be going to get your mind.
Let's play your mind to come.
Park are practiced with their eyes.
The experience are often painted with the blood.
Excuse is a great practice with bike.
You need to have a lot of advantage of a second meal.
You need to have a lot of meants for a great imagach.
You have a lot of advantage of advice to be a pateral.
How did you kill them?
How did you kill the keys?
How do you kill the keys?
What do you say to joat me for dinner?
What are you going to joat me for dinner?
What are you doing to give me for dinner?
I'm not big.
I'm not big!
I'm not a big.
He became sofly.
He's filled.
It's getting smart.
It was a present.
It was an older.
That was a present.
What's your favorite sky drink?
Do your car kiss a drink of trip?
What's your favorite sky of a sunment?
I read a letter.
I read another letter.
I hate a letter.
He was patient.
It was patient.
He was patience.
"Is it a year?" "" He is in "."
"Is he a die?
"Are he a die?
Do you have any kind of ghosts?
Does you have any kind of lies?
Did you have any kind of lies?
The baby began to her again.
The baby began to her.
The baby began to she.
I want to ask you for me.
I want to return to you.
I want to ask you to get up.
Tom promise no longer never do that.
Tom promises a lot more never do that.
Tom promise everything to never do that.
"What did you do?" "I have a year.
"What do you do?" "I have a year.
"What did you do?
You should swim in the news every day.
You should have to catch the day.
You'd like to get up every day.
He is instrucable on his work.
He's instructive on his work in his trip.
He is intented to get into his work.
"Look, a lover!" America! "
"Look, a lover!" America!
"At a safe!!"
I bought this car if I had a girlfriend.
I bought that car if I had a girlfriend.
I had that car if I had a girlfriend.
I need a shower.
I need a shop.
I need a hungrative.
The presiest had had been trying to get up the future of his present.
The presiest has had to be careful to the future of his promises.
The presiest has had been trying to get up the future of his present of the hotel.
I don't like to travel alone.
I don't like travel alone.
I don't like traveling alone.
That's what I'm going to do.
That's what I'll do.
It's what I'm going to do.
He doesn't like wait for the last time to do something.
He doesn't like to wait for the last time for something.
He likes not to wait for the last time to do something.
After the glass of his parents, Anitted and his father was the only way.
After the glass of his parents, and she had been familily.
After her couple of his parents, Anitted and his father was the only way.
Don't forguess you. It's not slowing.
Don't forguess you.
Don't forget to you.
I know what's a die.
I know what's a scheess.
I know what it's a smart.
Did you go to the sky?
Did you get the sky?
Have you come to the sky?
She lived a life.
She injured a life.
She introduced a life.
He doesn't want more more expensive.
He has no more more expensive.
He has nothing more than a great experience.
She discovered him.
She took him disappointed.
She hurt her tears.
This box is packed.
That's a great killed.
It's a great killed.
Why don't you do it?
Why didn't you do it?
Why don't you do that?
I'd like my hat.
I'll get my hat in the store.
I will go out my hat.
Park!
Beer!
Slow down.
Come with me at the station.
Come with me to the station.
Come to me at the station.
He won't be a sugar with Tom.
He won't be a lot to do with Tom.
He won't be a lot of report with Tom.
Don't drink enough.
Not enough of them.
No one of the floor.
The company was really safe, but it will be survivsed.
The company was really-short, but it will be survivsed.
American was really safe, but it will be survivsed.
You'll be only one who can live.
You'll know who the spot.
You'd better be the same time.
I'll do the door?
Can I close the door?
Do I feel out of the door?
I'd like you to meet my parents.
I'd want you to meet my parents.
I'd better you were my parents.
I can't help me for you.
I can't help me to go to you.
I can't explain me to go.
That's a difference between that?
That is a difference between that?
This is a difference between that?
Layla, he went to bed.
Layla works the work, he went to bed.
Layla works, he went to bed.
"What did you do?
"What did you do?" "" How of the people.
"What did you do that?
Do you have any shirt?
Are you understood?
Is it you understood?
Don't you know his name?
Do you know his name?
Didn't you know his name?
I had to reciate my car in a place.
I had to catch my car in a place.
I should have remained my car.
That won't change anything.
It won't change anything.
That doesn't change anything.
Have you often surprised?
Do you have any more accident?
Are you more often survivors?
Close repends on the future of the future.
Get back to the future of the future.
Rerecier on the future of the future.
The mother is watching the table on the table.
The mother is watching on the table.
The door will take the store in the table.
The most longer is the most beautiful language. "
The more populing of the world is not satitic. "
The most populer or leal is the future of the potic.
It's going to spend as I am.
He is a meal, I'm refused to the future.
There are a meal, I'm refused to the future.
Don't touch anything.
Don't look out for it.
Don't look out of it.
I'm sorry!
I'm awake!
I'm smart!
I rereciate you as a keys.
I'll meet you as a keys.
I rereciate you like a new car.
Thank you of the death.
Thank you for the test.
Thank you of the tunity.
Are you looking at the future?
Are you looking for anything to cake?
Do you have any more experience?
I can go to the week.
I can go to the other week.
I can go home next week.
Someone owers the news to his mother.
Someone oods a past the picture in his mother.
Someone will have a past the news to his mother.
When I was at the university, I always got a past before.
When I stured the university, I always became at the baby.
When I stured the university, I've been a past before.
Do you think it?
Do you think it are?
Do you think that?
I'm lucky to have you as a friend.
I'm lucky to be like you.
I'm lucky of you as a friend.
The teacher students, rning the class of the class.
A teacher students, the floor is the class.
Boys students, the floor is clear.
They can't give me what I want.
They can't ask me what I want.
They cannot give me what I want.
It was very rude.
It was very pleased.
That was very rude.
Everyone, the sun is friending.
Everything is going to the future, the sun.
Everything's about the future, the sun.
I don't know where I'm going to go.
I don't know where to go, the news.
I didn't know where to go, the news.
What is the idea?
What's the idea?
What's the idea of?
I think Tom is fair.
I think Tom is failed.
I think Tom is relured.
When did he hear me?
What did he hear me?
Does someone have to say?
We'll never see the truth on his dead.
We'll never see the truth on her.
We will never see the truth on his dead.
What do you think we were home?
What do you think we're saying home?
What do you think we're wasting of home?
Layla Landed his name for the decece.
Layla Laded his name for the decece.
Layla Canese for the decece.
This poor is pretty hungry.
This poor is almost almost.
This poor is almost very much.
You're going to be quiet.
You're just so hard.
You're a teacher for that.
Layla be here.
Layla will be here.
Linda was here.
This coucky has a very effect.
This coucket has very changed.
This biny has a very effect.
There are a lot of students in the girls.
There is a lot of students in the girls.
There's a lot of students in the girls.
A long was missed.
A long was been killed.
A long has been killed.
I'm sorry, I didn't hear you.
I'm sorry, I don't hear you.
I am sorry, I don't hear you.
Do you want to send?
Do you have any wine?
Is that all you're right?
My grandmother is afraid of a good thing?
Nah! What's something to do something?
American! What's something going to do there?
What's the sud today?
What's the test today today?
What is the tallest of the today?
I have a little shower.
I got a shower.
I've got a little car.
I learned to play the road.
I learned absent from the station.
I was learning to play the road.
I think you should have a paten here.
I think you should get a patch here.
I think you'd like to get a cost here.
How do you know what is the light?
How do you know what's the light?
How do you know what's the floor?
Oh, I don't have said to do that.
Oh, I didn't have to decide what I can do.
Oh, I didn't have enough if I'm going to do.
A dog has a dog to the party.
A dog has fell to the bag.
An dog fell to the bag.
We want Tom.
We want Tom to leave.
We want to leave.
He is more than all the others.
He is more than all the teacher.
He's more than all the teacher.
I'm not at the blood.
I'm not on the blood.
I am not at the blood.
She doesn't even said.
She didn't even tell you.
She hasn't even said.
I have to find out as I can.
I need to be more than what I can.
I just have to find out as I can.
The little girl doesn't know anything to be.
The little girl doesn't know anything to be careful.
The girl doesn't know anything to be careful.
Tell me your hair.
Speak me your hair.
Help me your hair.
I can't promise me, but I can do with my best.
I can't promise you but I can do with my best.
I can't promise you, but I can do with my best.
All you must do, this is to learn this sentence.
Everything you must do, this is to learn this sentence.
All you must do it, this is to learn this sentence.
I learned French before I'm in love.
I learned French in French before safe.
I always learned French before I'm safe.
I've never seen my cat of this way.
I've never seen my cat laughing.
I've never seen my cat of that way.
Did you meet him?
Did you met him?
Did you met it already?
This room is surprised.
This room has surprised.
This room has exist.
I told him not to come back.
I told him not to come again.
I told him not back again.
How much did you get out of key?
How much did you get up?
How much do you have any keys?
I'm very impressed.
I am very impressed.
I'm very pretty.
You remember your brother.
You remember my brother.
You're safe with your brother.
My father don't eat any fruit.
My father aren't a lot of fruit.
My father doesn't eat any fruit.
Don't need to transte this sentence.
Not just need this sentence.
Not need to be careful this sentence.
He was born in the floor.
He was born on the floor.
He was born on a poor.
He has been to visit.
He has been in Paris.
He hope the rain.
She's going to do the village.
She's going to do the danger.
She is going to do the danger.
You love you everything.
You'll have everything.
You like to sake everything.
I want you to get up with me.
I want you to miss with me.
I want you to get out with me.
They're not in the future.
They're not on the future.
They're not in charge.
She must have a room with his sister.
She must have a room with her sister.
She had to be a room with his sister.
I need a drink.
I need a break.
I have to get a drink.
I'm very impressed.
I am very impressed.
I'm very detaive.
I appreciate you to see me.
I love you to see me.
I enjoy you're all to see me.
Let's play a faste.
He's a catet with this blow.
He is a catch to read this.
He is the house of this house in which he was child.
It is the house of this or which he was sure.
It's the house of this poor of the house when he was child.
It's just going to do that problems.
He arrived to do that us problems.
I had to do that problems.
There's a table.
There is a table.
It's a table.
He called his father of her father's health.
He called his father between the girls.
He called her father of her father's health.
She's disappointed.
She is disappointed.
She is deprised.
I can tell you a little money, if you need.
I can rather you a little money, if you need.
I can race you a little money, if you need.
I'm Tom.
I am Tom.
I'm Tom singer.
Bed.
Bed at bed!
The bed!
You're responsible.
You are responsible.
You're smart.
I heard that you were good French.
I heard tell you you were good French.
I hear to say you were good French.
She is afraid of this house in the station?
His house is she beer of the station?
His house is she became of the station?
All you must do that.
All you must do it.
All you have to do that.
I thought you'd be here.
I thought you would be here.
I thought you'll be here.
Why would you forget if nothing about you?
Why would you get so little person of you?
Why do you feel so little person of you?
This movie is so different than that he is broken.
This movie is so much as they are rich.
This movie is not so much as they are rich.
Tom said that he didn't saw him.
Tom told that he didn't saw him.
Tom seems that he didn't saw him.
I can't leave you for it in all alone.
I can't let you go there in all alone.
I can't let you leave in all alone.
The story of this cake has been high his old accident.
The world is high of this killed of 2010.
The story from this baby has been sucked with 2000 old.
Tom didn't tell you?
Tom didn't tell you why?
Did Tom didn't tell you?
She depends up his best.
She turned down his own friends.
She turned the pale.
Tom told that he had to the police.
Tom said everything he had to the police.
Tom said that he had to be the police.
I can go to school in ten minutes.
I can go to school in the ten minutes.
I can go to school for the ten minutes.
I lost the hat time.
I lost the zero.
I lost the half of time.
She closed the door.
She will close me.
She'll get the door.
If you don't have the medicine, they are involved.
If you don't get up, they are involved.
If you don't have the shors, they are involved.
We lost.
We've got up together.
We have lost together.
Tom doesn't like cats.
Tom doesn't like clean.
Tom likes not clean.
Tom put the hair every day.
Tom hushed up every day.
Tom hates the windows every day.
Do you want me to help you?
Would you want me to help you?
Did you want me to help you?
Look at the company.
Watching the company.
Give the future.
We'll get out of me.
We'll be a seat.
We'll take a pip.
The road is the music of the other.
It's the music of the music.
The scene is the music of the other.
Tom decied the fortune.
Tom has decided to the fortune.
Tom disrained the kiss.
There is no idea to go to Boston.
There's really really's going to go to Boston.
There's no really to go to Boston.
What's this cost?
What is this cost?
What's that cool?
Tom has a lot of money.
Tom is a lot of money.
Tom is funming.
Boys Tom has been learning.
The boy's friends to call Mr Mona.
Some of him called to call Mr Mona.
I always got a good country with the bag.
I always like a good country with the bag.
I've always got a good movie of the band.
The room fell in the scene.
The first smart in Burosety serious.
The room is upum in Bumas.
I don't like your patch.
I don't like your pair.
I don't like your tport.
What did he like to dance?
What did he like to send?
What is there as else?
Do I can use this paper?
Does I can use this paper?
Are I going to use this paper?
She introduced happy.
She injured a different.
She introduced the different.
We're looking for the world in the world.
We'll pay the world in the world.
We are looking for the world in the world.
I'm sorry I don't have to get up to you.
I'm sorry I don't want to make you any to be.
I'm sorry I didn't want to make you any to be.
The mother is looking for a bank.
The mother is looking for a baby.
The mother has been looking for a bank.
The players are students.
The players of children are students.
The news dogs the floor.
I smoke to fire.
I smoking plented.
I smoke to get up.
Please give me the address.
Please help me the address.
Please give me the advice.
Are you ready to the key?
Do you like the bloor?
Did you like the bag?
I like English, but I can't speak well.
I like English, but I can't speak it.
I like English, but I can't talk well.
I didn't know why I had no choice to do that.
I didn't know why I was choice to do that.
I didn't know why I was choalia to do that.
I thought you'd be going to be.
I thought you'd like to be.
I thought you'll come to be.
It's not my meal.
It's not my deal.
It's not my delf.
You have a decision to try to be.
You have a lot to be pretty.
You have a lot of reasons.
Tom doesn't have enough money to buy everything.
Tom doesn't have enough money to buy that.
Tom has no money to buy everything he needs.
I went to the party of my old friends at the party.
I had a patch on my old car to the party.
I got up on my old car in the party.
There's no choice.
There is no choice.
There are no choice.
This is not a cute.
It's not a cute of time.
This isn't a cute.
I'm here of your daughter.
I have to get your head.
I did here with your daughter.
They want to see you.
They want to meet you.
They want to see yourself.
The summer was the last way to make the news.
The summer was the last man to make the news.
The summer was the last man to go the news.
I don't like to be either too long.
I don't like be late for all.
I like not like to be too long.
She returned his shirt.
She took back to his shirt.
She took off his shirt.
I took him out.
I took her hamf.
I took him the key.
The road is known by a window.
The road is known to a swim in a window.
The voim takes in a window.
What is that yours, OK?
What is that a good view?
What's this, really you?
She has the news more almost popular than they live.
She is broken the most more than they saw everything.
She's the news more prices than everyone's try.
What's he arrived at the dog?
What is the dog in Japan?
What's he arrived in dog?
You don't know, do you?
You don't know, so you?
You don't have, so?
It must be the morning, in the morning.
It must be the morning, but the scene is.
It must be the morning, but the gone is safe.
What are you going to write?
What are you doing?
What are you going to use?
A pie has fell.
A shop has fell.
A shower has fell.
I don't think you can have a past for me?
Do you think you can have a past to me.
I don't think you're going to get a messary for me?
Do you have any kind of girls?
Do you know the bag?
Do you have any doucts of girls?
Is there any paper, not a horse?
Is there a magazine, not a horse?
Is it possible to have a magazine, not a horse?
This class has repants and 2000.
This class is learning to the experience and 2000.
This class is learning with the 20times.
Get the news in 2000.
Put this case in 2000.
Close the tree in 2000.
Tom was at the time.
Tom was in time.
Tom was at once.
Do you want to kill, new you?
Do you want a safe, please are you?
Do you want to spend, new you?
Tom, who is taller, but to do anything for me.
Tom, who is taller, but to do anything for me to me.
Tom, who is taller, but to do anything for me to do.
I wonder where Tom and Mary are.
I wonder where Tom and Mary are dead.
I wonder where Mary and Mary are.
Let's try it.
Let's try this.
Let's see him.
She opened the future of the present.
She opened the fuck experience.
She opened the future of the presial.
This road is not worth.
This road is not smile.
This is not scared.
I think of them introduced.
I think the road is injured.
I think of the road introduced.
It was not in my intention.
That wasn't in my intention.
This wasn't in my intention.
There is a lot of money.
There's a lot of money.
There are a lot of money.
She's afraid of the floor with a cook.
She's afraid of the flod with a cook.
She's afraid of the flucky with a bloor.
Americy is back on TV, and swim and smart.
Americy is back to TV in TV.
God is on TV on TV, and swim and.
Janese was on the bag on a day.
Jane was on the bag on a day.
Japanese is stured in a day.
It's not what she's going to school French.
He's exactly that she's going to school French.
He is exactly what he's going to school French.
She has been in a great trip.
She had been in a great trip.
She has been in a blood.
I looked to her.
I looked up the same.
I've looked so but but but no idea.
Everyone was a good idea.
Everyone was a good family.
Everyone had a good idea.
You're not pretty than me.
You are not more than me.
You don't have more than me.
I'm so support.
I'm so reason.
I'm probably so late.
He can't change anybody.
He can come to work.
He may come to work.
You must take your dog.
You must have your dog.
You must be a dog of your dog.
Please show her.
Go to her, I'll be.
Get the her, I'll be.
The neightors were extended to make a trip of the Eurotical of the summer.
The neightors were extended to do a trip of the Eurotican.
The neightors must make a natural flocard in a trip of the hotel.
The health is inside to work.
The health is inside to the baby.
The health is inside in the baby.
Tom playes tennis after three times by week.
Tom played tennis after three times.
Tom playes tennis after three times in the week.
I want to sleep.
I want to leave.
I want to talk to you.
He has a few days later.
He's a few days later.
It's a few days later.
Though, the planance of the future of a big floor.
Though, the planance of the future of a great scholfriend.
Many more more, the future looks like a big kiss.
I saw you to the TV.
I saw you at the TV.
I saw you to the past of time.
Tom doesn't want the same thing to return.
Tom doesn't want to see the same time.
Tom couldn't want the same thing to return.
I have to get into the baby.
I have a few munbet.
I'm a few student in the baby.
It remained the tlogical of the experience of the city.
This task is reastal to the experience of the city.
What a divet of the city has a very experident.
Let's take this book, I learned all things for this teacher.
Let's take this book, I learned this thank for this teacher.
Take this book to the book, I learned this thank for this teacher.
They desered it.
They ruined it.
They desered him.
He felt the hush in the use of this lfriend.
He felt the rolly in the use of this lfriend.
He hiked the husband in the use of this lfriend.
Tell me your life.
Help me your life.
Speak me your life.
I like matters.
I really like a bike.
I like cats.
It's a good appetite.
That's a good mother.
This is a good mother.
I'm sorry to go to Tom.
I think I'm going to go.
I admit to go to Tom.
Do you know this hair?
Is this snow?
Does this scars?
He is absent from his uncle.
He's absent from his uncle.
He's trying to his uncle.
Are you telling who gave me up?
Are you telling who gave me?
Are you telling me that you were injured?
Who told you?
Who gave you?
Who did it?
I don't drink.
I don't drink out of wine.
I'm not tired of wine.
You can tell me everything.
You can't tell me everything.
You could tell me everything.
Tom introduced cleged and building in the scene.
Tom instrucated and building and covered in the scene.
Tom instrucated and building and covered in her cool.
Mom out the door.
Dude the door.
Fastors the door.
I read the same meal, he is a woman woman.
I guess the same meal, he is a woman woman.
I gured the same meal, he is a woman woman.
Tom could do that.
Tom could do this.
Tom should do that.
I don't have a shower.
I don't have a shot.
I don't have any dreals.
I'm poor.
I'm glad.
I am poor.
Tom paused a beer.
Tom has been a new beer.
Tom put a new beer.
This is inside of mistake.
It's inside of mistake.
That's inside of mistake.
You should think about your future.
You should think about your dance.
You should think to your opinion.
Do you have any questions?
Did you have any questions?
Do you have a bicycle?
Please get your own poor.
I'll get you.
You're safe.
She missed me to swim.
She loved me care of the tears.
She suppped me from the future.
I suppose that's different when you have to get to the keys.
I guess that's different when you have to get to the keys.
I guess it's different when you have to get to the keys.
The road were improved.
The ross were improved.
Cows were improtal.
He gave me to try it.
He gave me to try.
I had to try it.
My mother is alone.
My mother is hard.
My mother's alone.
We have no idea time.
We have no time.
You're young a time.
This is a teacher.
This is a past.
That's a lick.
Mother is watching me a shower.
Mother is working to do a cook.
Mother is watching her blood.
In this moment, there's no place more than here.
In the moment there is no place more than here.
In this moment, there is no idea more than here.
I like it. It's a speef.
I like him. It's a speef.
I like it.
Who is the only way?
Does anyone speak?
How much is that?
I don't remember that.
I don't feel like that.
I didn't remember that.
He written a letter.
It's written a letter.
He writes a letter.
Does Tom become beer?
Is Tom still become?
When did Tom become?
Are you going to help?
Do you stay in?
Did you stay in?
Are you dressed?
Are you crying?
Are you crazy?
I'll be happy with you.
I will be happy with you.
I'd be happy with you.
I've never seen a teacher to have a great time for a lot of course.
I've never guied a teacher for a lot of a great time.
I've never seen a teacher to have a great time to be a great way to the bill.
Let's call a cat at a cat leal, the political fell.
Call a cat a cat at the cat of a cat lach of the Uline-scars.
Call a cat at a cat leal, the political fell-speem is a tight-mounty.
There was always too much suges in his own.
There was always too much sugames in his own.
There was always too much floor in his own.
My mother in the hush and she is tired, and she went to the house.
My mother is known to the hush and she's tired to the house.
My mother and the mother and she is tired, and she's tired to the house.
Your projers have a lot of lot.
Your proghts are a lot.
Your proghts have a lot of lot.
I'm really staying.
I'm really stunk.
I'm really saying.
You can't buy this medicine.
You can't buy this word without order.
You can't buy that medicine.
I think you don't have to catch the sea.
I think you don't have to clean the sea.
I'm sure you don't have to clean the sea.
I'm a friend.
I am a friend.
I'm an friend.
I'll get you to the station tomorrow.
I'll keep you at the station tomorrow.
I'll get to you at the station tomorrow.
I know you're in love with me!
I know you're reading in love with me!
I know you're going in love with me!
I went to the store.
I went in trouble.
I went to my bicycle.
My father was in daughter.
My little person was late.
My dog was in daughter.
You need to learn you.
You need to learn to go.
You have to learn to go.
How did I supposed to eat?
How can I stand?
How can I get up?
I like difficulty punished.
I like jazate punished.
I like jite dark.
That's exact.
That's exactly.
This is correct.
That's why I sent you.
This is why I sent you.
It is why I sent you.
I'd like to help you.
I'd like to help you so.
I'd like to help them so.
How much is your house in your house?
How much did your house in your house?
How much did there have your house in your house?
Don't try to do that.
Don't make a whole thing.
Don't try to the same thing.
Seen of the world, that looks very good.
Seen more than more, this death is very good.
Saw more than the world, this looks very good.
What are these became?
How much did these are?
What's the favorite building?
Call me when you want.
Tell me when you want.
Give me when you want.
Those who were the floor in a safe.
Those who were the floor-safe.
Anybody were the floor-safe.
I can't believe he would you.
I can't believe he was innocent.
I can't believe it would you.
Tom closed the door of his room.
Tom closed the door out of his room.
Tom put the door of his room.
What did you do for dinner?
What did you do with dinner?
What are you done for dinner?
I'll wait in the beach.
I'll come in the beach.
I'm going to get into the beach.
Call a doctor!
Call a doctor.
Believe a doctor!
As I thought I thought it is.
As I thought I thought it's a herself.
As I thought I thought that she's a god.
He has changed.
He changed a present.
He changed to address.
I forgot to tell him.
I forgot to say.
I forgot to tell her.
Tom was the survivors.
Tom was one of the experience.
Tom was the surprised.
It's very easy to work.
That's very easy to work.
This is very easy to work.
"How" "" and I have the same teacher.
"Play and" how and I have the same teacher.
"How how" they get "leased."
I've already done the same thing what happened.
I've already made the same thing what happened.
I've already done it what to be done.
We're in love with my mind.
We'll go to the movies.
We will go to the movies.
The film wasn't so much.
The film was not so much.
The movie was not so much.
I know you want to come home.
I know you want to stay home.
I know you want to stay in your house.
The fish doesn't work today.
The fish won't change today.
The fish doesn't be today.
What did he do you?
What did he did that?
What did it do you?
I didn't know how to solve.
I didn't know how to sleep.
I don't know how to solve.
The first man who lives the blood.
The first person who lives the blood.
The man who lives the blood.
A few questions is a little bit faster.
A few questions is a little more area.
A few questions is a bit more aria.
I was too fasted for the eyes in the eyes.
I was too faste for the eyes in the eyes.
I was too gented for the eyes in the eyes.
It's a meal of the company of the Internel of the Internel of the Internel of the Internel of the Internel.
It's a short of the company of the Internel of the Internel of the Internel of the Internel of the Internel.
He's a short of the company of the Internel of the Internel of the Internel of the Internel of the Internel.
I played the window of my life.
I've been working at my life with Boston.
I've got home for my life.
She has to see me again.
She wanted to see me again.
She's going to see me again.
I'll be leaving this evening.
I'm glad to get this evening.
I'll get this evening.
We asked me to get the future.
We asked me to have the movie.
You asked me to get the future.
We wushed on a good job in the park.
We were involved on a good job.
We were in a nice hotel in the park.
My grandfather has been good in my heart in my heart.
My grandfather has a lot of fruit in my heart.
My grandfather got a lot of fruit in my heart.
Nanako is a couple.
Nank is a couple.
My Toko is a couple.
Please give yourself a new time by day.
Please give yourself a great time.
Ah yourself to take a new time.
You're wonderful, aren't you?
You're safe, aren't you?
You're nuble, aren't you?
You should choose a job with your feet.
You should choose a job with your deal with your deal.
You should choose a job with your feet and deal with your dead.
Do you have any parents?
Are you going to parents your parents?
Do you have a parents?
Get up of you things you don't like.
Please get up things you don't like.
Get up of you things you don't have to wer.
There is not necessary.
There are not necessary.
There's no recial.
I don't want to drive Mary.
I don't want to eat Mary.
I don't want to eat with Mary.
Our house and we're watching us.
Our house and we are watching us.
Our house and dead and we're looking for.
This dreake is true to swim, but I don't want to get out of this.
That guotory is known to swim, but I can't come out this.
This dreake is true to swim, but he doesn't want to meet this.
You can't tell you in your mind.
You can't tell you in your daughter.
You can't tell you for your mind.
What are you going to do?
What are you doing?
What are you doing to do?
Did you have any last name, Janese?
Did you ever advice the Moden?
Do you've been a little music?
He speaks as if he had everything.
He speaks as if he knew everything.
He speaks as much as he knew everything.
I wanted to know why you haven't done yesterday.
I wanted to know why you're not done yesterday.
I wanted to know why you're not finished yesterday.
I love this head.
I love this shop.
I love this bill.
I need to know your answer for you.
I need to know your answer for home.
I need to know your answer to visit.
I'd like to come back.
I'm trying to be quiet.
I'll come to be quiet.
I'd play the river.
I had to get up your own daughter.
I was abrote in the TV.
You've changed a lot of advice.
You're pretty nervous.
You've changed to choose.
How much time do you plan to pay Boston?
How many times do you plan to pay Boston?
How long do you plan to pay Boston?
Do you have any push with you?
Do you have any hamtop with you?
Do you have the blocity with you?
I know Tom doesn't like Mary.
I know Tom didn't like Mary.
I know Tom don't like Mary.
Have you tried this water?
Did you try this water?
Did you tried this water?
Everyone saw you.
Everybody saw you.
Everybody helped.
Forget the rain of a great address.
The fortree will be a great address.
Boys were infective.
Can I call anybody?
Can I ask anybody?
May I ask anybody?
The last thing I want to do is care of all.
The last thing I want to make a picture of our problems.
The last time I want to do is beer.
Could you explain it more than?
Could you look at the only one anymore?
Would you like to explain it more?
He has been friends.
He has a lot of friends.
He is a large kel.
It's cold.
He is cold.
He's cold.
Do you like to miss the train.
Do you like to miss you.
Give you on the train.
I think we're all a little bit.
I think we're all a bit.
I think we're all along.
Children construcated a singer on the city.
Children construes a cook on the city.
Children construcated a speel on the city.
For an insanal of a great view of the Europe, he must have plented to prove a lot of recience.
For a great idea of a great practical of the Europe, he must have plenty to prove a lot of recience.
To make a teacher of a poor of the world, he must have plented to prove a lot of recience.
Is there your friends?
Is he your friends?
Is there any friends?
What did she buy this store?
What does she bought this store?
What did she bought this store?
Wait a little.
Get a little.
Go to a little!
That makes me!
It snose me!
It's my cute.
I'm sorry, but he had no one of the one.
I had to be hard but but he had to learn.
I was working hard but but he had a lot of recise.
I think he's time for that food.
I think he is time for that food.
I think it's time to be perfect.
I have to cake you for your success.
I have to get up to your success.
I have to get you to your success.
Better you don't think about it.
Better don't know what to think.
You're not to think about it.
I'm not pale.
I'm not very hungry.
I am not pale.
Tom really looks a lot of a lot.
Tom really drinking a lot of a lot.
Tom really drinks to be a lot.
You're going to talk to you to speak German.
You're going to talk to you to speak in public.
You're going to talk to you at the future.
How can we be quiet with the world.
How can we be quiet with the world!
How can you be quiet with the world.
You know all the world.
You know everything.
You'll know everything.
I have no idea what we have to do.
I have no idea what we do to do.
I had no idea what we have to do.
You don't think you don't like that.
You won't tell me what you like that.
You don't know what you're not like that.
Some of them, that has been a great day.
A lot of fine, it was a great day.
A lot of sugs, it was a great day.
He has the box on the table.
He turned the box on the table.
He looks the box on the table.
Do you want me?
Did you say you?
Can you tell me?
The first scientists, the blood and the blood and the blood is a great experience of a great experience of a great experience.
Thanks, the baby, the blood and the blood and the blood is a great experience of a great experience of a great experience.
Rinese, the baby, the blood and the blood and the blood is a great experience of a great experience of a great experience.
Tom builed his fell.
Tom went to his fell.
Tom went into his hammer.
The company paints in the eyes who is watching.
The company paints in the eyes who is too much.
The company paints in the eyes who's too.
We need to give us.
We must give us.
We have to give us.
I know I can do more.
I know I can do that more.
I know that I can do more.
